  [1m[36m (47.3ms)[0m  [1mCREATE TABLE "schema_migrations" ("version" character varying NOT NULL) [0m
  [1m[35m (6.1ms)[0m  CREATE UNIQUE INDEX  "unique_schema_migrations" ON "schema_migrations"  ("version")
  [1m[36mActiveRecord::SchemaMigration Load (1.1ms)[0m  [1mSELECT "schema_migrations".* FROM "schema_migrations"[0m
Migrating to CreateVillains (20150805020152)
  [1m[35m (0.7ms)[0m  BEGIN
  [1m[36m (24.8ms)[0m  [1mCREATE TABLE "villains" ("id" serial primary key, "name" character varying, "description" text, "created_at" timestamp NOT NULL, "updated_at" timestamp NOT NULL) [0m
  [1m[35mSQL (2.2ms)[0m  INSERT INTO "schema_migrations" ("version") VALUES ($1)  [["version", "20150805020152"]]
  [1m[36m (1.1ms)[0m  [1mCOMMIT[0m
  [1m[35mActiveRecord::SchemaMigration Load (0.4ms)[0m  SELECT "schema_migrations".* FROM "schema_migrations"
  [1m[36m (5.0ms)[0m  [1mSELECT t2.oid::regclass::text AS to_table, a1.attname AS column, a2.attname AS primary_key, c.conname AS name, c.confupdtype AS on_update, c.confdeltype AS on_delete
FROM pg_constraint c
JOIN pg_class t1 ON c.conrelid = t1.oid
JOIN pg_class t2 ON c.confrelid = t2.oid
JOIN pg_attribute a1 ON a1.attnum = c.conkey[1] AND a1.attrelid = t1.oid
JOIN pg_attribute a2 ON a2.attnum = c.confkey[1] AND a2.attrelid = t2.oid
JOIN pg_namespace t3 ON c.connamespace = t3.oid
WHERE c.contype = 'f'
  AND t1.relname = 'villains'
  AND t3.nspname = ANY (current_schemas(false))
ORDER BY c.conname
[0m


Started GET "/" for ::1 at 2015-08-04 19:07:05 -0700
  [1m[36mActiveRecord::SchemaMigration Load (1.9ms)[0m  [1mSELECT "schema_migrations".* FROM "schema_migrations"[0m
Processing by Rails::WelcomeController#index as HTML
  Rendered /Users/bgamwell/.rvm/rubies/ruby-2.2.1/lib/ruby/gems/2.2.0/gems/railties-4.2.3/lib/rails/templates/rails/welcome/index.html.erb (33.7ms)
Completed 200 OK in 161ms (Views: 130.5ms | ActiveRecord: 0.0ms)


Started GET "/" for ::1 at 2015-08-04 19:07:08 -0700
Processing by Rails::WelcomeController#index as HTML
  Rendered /Users/bgamwell/.rvm/rubies/ruby-2.2.1/lib/ruby/gems/2.2.0/gems/railties-4.2.3/lib/rails/templates/rails/welcome/index.html.erb (0.1ms)
Completed 200 OK in 4ms (Views: 3.0ms | ActiveRecord: 0.0ms)


Started GET "/" for ::1 at 2015-08-04 19:07:38 -0700
Processing by VillainsController#index as HTML
Completed 500 Internal Server Error in 76ms (ActiveRecord: 39.2ms)

NoMethodError (undefined method `has_attached_file' for #<Class:0x007fd693ed4f10>):
  app/models/villain.rb:3:in `<class:Villain>'
  app/models/villain.rb:1:in `<top (required)>'
  app/controllers/villains_controller.rb:4:in `index'


  Rendered /Users/bgamwell/.rvm/rubies/ruby-2.2.1/lib/ruby/gems/2.2.0/gems/actionpack-4.2.3/lib/action_dispatch/middleware/templates/rescues/_source.erb (11.5ms)
  Rendered /Users/bgamwell/.rvm/rubies/ruby-2.2.1/lib/ruby/gems/2.2.0/gems/actionpack-4.2.3/lib/action_dispatch/middleware/templates/rescues/_trace.html.erb (5.2ms)
  Rendered /Users/bgamwell/.rvm/rubies/ruby-2.2.1/lib/ruby/gems/2.2.0/gems/actionpack-4.2.3/lib/action_dispatch/middleware/templates/rescues/_request_and_response.html.erb (1.5ms)
  Rendered /Users/bgamwell/.rvm/rubies/ruby-2.2.1/lib/ruby/gems/2.2.0/gems/actionpack-4.2.3/lib/action_dispatch/middleware/templates/rescues/diagnostics.html.erb within rescues/layout (147.4ms)
  Rendered /Users/bgamwell/.rvm/rubies/ruby-2.2.1/lib/ruby/gems/2.2.0/gems/web-console-2.2.1/lib/web_console/templates/_markup.html.erb (0.7ms)
  Rendered /Users/bgamwell/.rvm/rubies/ruby-2.2.1/lib/ruby/gems/2.2.0/gems/web-console-2.2.1/lib/web_console/templates/_inner_console_markup.html.erb within layouts/inlined_string (0.6ms)
  Rendered /Users/bgamwell/.rvm/rubies/ruby-2.2.1/lib/ruby/gems/2.2.0/gems/web-console-2.2.1/lib/web_console/templates/_prompt_box_markup.html.erb within layouts/inlined_string (0.5ms)
  Rendered /Users/bgamwell/.rvm/rubies/ruby-2.2.1/lib/ruby/gems/2.2.0/gems/web-console-2.2.1/lib/web_console/templates/style.css.erb within layouts/inlined_string (0.8ms)
  Rendered /Users/bgamwell/.rvm/rubies/ruby-2.2.1/lib/ruby/gems/2.2.0/gems/web-console-2.2.1/lib/web_console/templates/console.js.erb within layouts/javascript (107.5ms)
  Rendered /Users/bgamwell/.rvm/rubies/ruby-2.2.1/lib/ruby/gems/2.2.0/gems/web-console-2.2.1/lib/web_console/templates/main.js.erb within layouts/javascript (0.6ms)
  Rendered /Users/bgamwell/.rvm/rubies/ruby-2.2.1/lib/ruby/gems/2.2.0/gems/web-console-2.2.1/lib/web_console/templates/error_page.js.erb within layouts/javascript (0.7ms)
  Rendered /Users/bgamwell/.rvm/rubies/ruby-2.2.1/lib/ruby/gems/2.2.0/gems/web-console-2.2.1/lib/web_console/templates/index.html.erb (358.8ms)


Started GET "/" for ::1 at 2015-08-04 19:08:24 -0700
Processing by VillainsController#index as HTML
Completed 500 Internal Server Error in 19ms (ActiveRecord: 12.9ms)

NoMethodError (undefined method `has_attached_file' for #<Class:0x007fd693f16410>):
  app/models/villain.rb:3:in `<class:Villain>'
  app/models/villain.rb:1:in `<top (required)>'
  app/controllers/villains_controller.rb:4:in `index'


  Rendered /Users/bgamwell/.rvm/rubies/ruby-2.2.1/lib/ruby/gems/2.2.0/gems/actionpack-4.2.3/lib/action_dispatch/middleware/templates/rescues/_source.erb (5.9ms)
  Rendered /Users/bgamwell/.rvm/rubies/ruby-2.2.1/lib/ruby/gems/2.2.0/gems/actionpack-4.2.3/lib/action_dispatch/middleware/templates/rescues/_trace.html.erb (2.5ms)
  Rendered /Users/bgamwell/.rvm/rubies/ruby-2.2.1/lib/ruby/gems/2.2.0/gems/actionpack-4.2.3/lib/action_dispatch/middleware/templates/rescues/_request_and_response.html.erb (1.4ms)
  Rendered /Users/bgamwell/.rvm/rubies/ruby-2.2.1/lib/ruby/gems/2.2.0/gems/actionpack-4.2.3/lib/action_dispatch/middleware/templates/rescues/diagnostics.html.erb within rescues/layout (75.5ms)
  Rendered /Users/bgamwell/.rvm/rubies/ruby-2.2.1/lib/ruby/gems/2.2.0/gems/web-console-2.2.1/lib/web_console/templates/_markup.html.erb (0.7ms)
  Rendered /Users/bgamwell/.rvm/rubies/ruby-2.2.1/lib/ruby/gems/2.2.0/gems/web-console-2.2.1/lib/web_console/templates/_inner_console_markup.html.erb within layouts/inlined_string (0.4ms)
  Rendered /Users/bgamwell/.rvm/rubies/ruby-2.2.1/lib/ruby/gems/2.2.0/gems/web-console-2.2.1/lib/web_console/templates/_prompt_box_markup.html.erb within layouts/inlined_string (0.3ms)
  Rendered /Users/bgamwell/.rvm/rubies/ruby-2.2.1/lib/ruby/gems/2.2.0/gems/web-console-2.2.1/lib/web_console/templates/style.css.erb within layouts/inlined_string (0.6ms)
  Rendered /Users/bgamwell/.rvm/rubies/ruby-2.2.1/lib/ruby/gems/2.2.0/gems/web-console-2.2.1/lib/web_console/templates/console.js.erb within layouts/javascript (68.3ms)
  Rendered /Users/bgamwell/.rvm/rubies/ruby-2.2.1/lib/ruby/gems/2.2.0/gems/web-console-2.2.1/lib/web_console/templates/main.js.erb within layouts/javascript (0.6ms)
  Rendered /Users/bgamwell/.rvm/rubies/ruby-2.2.1/lib/ruby/gems/2.2.0/gems/web-console-2.2.1/lib/web_console/templates/error_page.js.erb within layouts/javascript (0.5ms)
  Rendered /Users/bgamwell/.rvm/rubies/ruby-2.2.1/lib/ruby/gems/2.2.0/gems/web-console-2.2.1/lib/web_console/templates/index.html.erb (161.6ms)
  [1m[36mActiveRecord::SchemaMigration Load (2.1ms)[0m  [1mSELECT "schema_migrations".* FROM "schema_migrations"[0m
Migrating to AddAttachmentAvatarToVillains (20150805020924)
  [1m[35m (1.5ms)[0m  BEGIN
  [1m[36m (18.9ms)[0m  [1mALTER TABLE "villains" ADD "avatar_file_name" character varying[0m
  [1m[35m (1.3ms)[0m  ALTER TABLE "villains" ADD "avatar_content_type" character varying
  [1m[36m (0.4ms)[0m  [1mALTER TABLE "villains" ADD "avatar_file_size" integer[0m
  [1m[35m (0.3ms)[0m  ALTER TABLE "villains" ADD "avatar_updated_at" timestamp
  [1m[36mSQL (3.2ms)[0m  [1mINSERT INTO "schema_migrations" ("version") VALUES ($1)[0m  [["version", "20150805020924"]]
  [1m[35m (2.7ms)[0m  COMMIT
  [1m[36mActiveRecord::SchemaMigration Load (0.7ms)[0m  [1mSELECT "schema_migrations".* FROM "schema_migrations"[0m
  [1m[35m (8.2ms)[0m  SELECT t2.oid::regclass::text AS to_table, a1.attname AS column, a2.attname AS primary_key, c.conname AS name, c.confupdtype AS on_update, c.confdeltype AS on_delete
FROM pg_constraint c
JOIN pg_class t1 ON c.conrelid = t1.oid
JOIN pg_class t2 ON c.confrelid = t2.oid
JOIN pg_attribute a1 ON a1.attnum = c.conkey[1] AND a1.attrelid = t1.oid
JOIN pg_attribute a2 ON a2.attnum = c.confkey[1] AND a2.attrelid = t2.oid
JOIN pg_namespace t3 ON c.connamespace = t3.oid
WHERE c.contype = 'f'
  AND t1.relname = 'villains'
  AND t3.nspname = ANY (current_schemas(false))
ORDER BY c.conname



Started GET "/" for ::1 at 2015-08-04 19:10:38 -0700
  [1m[35mActiveRecord::SchemaMigration Load (0.4ms)[0m  SELECT "schema_migrations".* FROM "schema_migrations"
Processing by VillainsController#index as HTML
Completed 500 Internal Server Error in 16ms (ActiveRecord: 2.5ms)

NoMethodError (undefined method `has_attached_file' for #<Class:0x007fd69360e200>):
  app/models/villain.rb:3:in `<class:Villain>'
  app/models/villain.rb:1:in `<top (required)>'
  app/controllers/villains_controller.rb:4:in `index'


  Rendered /Users/bgamwell/.rvm/rubies/ruby-2.2.1/lib/ruby/gems/2.2.0/gems/actionpack-4.2.3/lib/action_dispatch/middleware/templates/rescues/_source.erb (7.4ms)
  Rendered /Users/bgamwell/.rvm/rubies/ruby-2.2.1/lib/ruby/gems/2.2.0/gems/actionpack-4.2.3/lib/action_dispatch/middleware/templates/rescues/_trace.html.erb (3.3ms)
  Rendered /Users/bgamwell/.rvm/rubies/ruby-2.2.1/lib/ruby/gems/2.2.0/gems/actionpack-4.2.3/lib/action_dispatch/middleware/templates/rescues/_request_and_response.html.erb (1.3ms)
  Rendered /Users/bgamwell/.rvm/rubies/ruby-2.2.1/lib/ruby/gems/2.2.0/gems/actionpack-4.2.3/lib/action_dispatch/middleware/templates/rescues/diagnostics.html.erb within rescues/layout (93.6ms)
  Rendered /Users/bgamwell/.rvm/rubies/ruby-2.2.1/lib/ruby/gems/2.2.0/gems/web-console-2.2.1/lib/web_console/templates/_markup.html.erb (0.7ms)
  Rendered /Users/bgamwell/.rvm/rubies/ruby-2.2.1/lib/ruby/gems/2.2.0/gems/web-console-2.2.1/lib/web_console/templates/_inner_console_markup.html.erb within layouts/inlined_string (0.4ms)
  Rendered /Users/bgamwell/.rvm/rubies/ruby-2.2.1/lib/ruby/gems/2.2.0/gems/web-console-2.2.1/lib/web_console/templates/_prompt_box_markup.html.erb within layouts/inlined_string (0.7ms)
  Rendered /Users/bgamwell/.rvm/rubies/ruby-2.2.1/lib/ruby/gems/2.2.0/gems/web-console-2.2.1/lib/web_console/templates/style.css.erb within layouts/inlined_string (0.4ms)
  Rendered /Users/bgamwell/.rvm/rubies/ruby-2.2.1/lib/ruby/gems/2.2.0/gems/web-console-2.2.1/lib/web_console/templates/console.js.erb within layouts/javascript (80.4ms)
  Rendered /Users/bgamwell/.rvm/rubies/ruby-2.2.1/lib/ruby/gems/2.2.0/gems/web-console-2.2.1/lib/web_console/templates/main.js.erb within layouts/javascript (0.5ms)
  Rendered /Users/bgamwell/.rvm/rubies/ruby-2.2.1/lib/ruby/gems/2.2.0/gems/web-console-2.2.1/lib/web_console/templates/error_page.js.erb within layouts/javascript (0.8ms)
  Rendered /Users/bgamwell/.rvm/rubies/ruby-2.2.1/lib/ruby/gems/2.2.0/gems/web-console-2.2.1/lib/web_console/templates/index.html.erb (209.7ms)


Started GET "/" for ::1 at 2015-08-04 19:10:42 -0700
Processing by VillainsController#index as HTML
Completed 500 Internal Server Error in 4ms (ActiveRecord: 0.0ms)

NoMethodError (undefined method `has_attached_file' for #<Class:0x007fd694343128>):
  app/models/villain.rb:3:in `<class:Villain>'
  app/models/villain.rb:1:in `<top (required)>'
  app/controllers/villains_controller.rb:4:in `index'


  Rendered /Users/bgamwell/.rvm/rubies/ruby-2.2.1/lib/ruby/gems/2.2.0/gems/actionpack-4.2.3/lib/action_dispatch/middleware/templates/rescues/_source.erb (6.7ms)
  Rendered /Users/bgamwell/.rvm/rubies/ruby-2.2.1/lib/ruby/gems/2.2.0/gems/actionpack-4.2.3/lib/action_dispatch/middleware/templates/rescues/_trace.html.erb (3.2ms)
  Rendered /Users/bgamwell/.rvm/rubies/ruby-2.2.1/lib/ruby/gems/2.2.0/gems/actionpack-4.2.3/lib/action_dispatch/middleware/templates/rescues/_request_and_response.html.erb (0.9ms)
  Rendered /Users/bgamwell/.rvm/rubies/ruby-2.2.1/lib/ruby/gems/2.2.0/gems/actionpack-4.2.3/lib/action_dispatch/middleware/templates/rescues/diagnostics.html.erb within rescues/layout (78.3ms)
  Rendered /Users/bgamwell/.rvm/rubies/ruby-2.2.1/lib/ruby/gems/2.2.0/gems/web-console-2.2.1/lib/web_console/templates/_markup.html.erb (0.9ms)
  Rendered /Users/bgamwell/.rvm/rubies/ruby-2.2.1/lib/ruby/gems/2.2.0/gems/web-console-2.2.1/lib/web_console/templates/_inner_console_markup.html.erb within layouts/inlined_string (0.4ms)
  Rendered /Users/bgamwell/.rvm/rubies/ruby-2.2.1/lib/ruby/gems/2.2.0/gems/web-console-2.2.1/lib/web_console/templates/_prompt_box_markup.html.erb within layouts/inlined_string (0.3ms)
  Rendered /Users/bgamwell/.rvm/rubies/ruby-2.2.1/lib/ruby/gems/2.2.0/gems/web-console-2.2.1/lib/web_console/templates/style.css.erb within layouts/inlined_string (0.4ms)
  Rendered /Users/bgamwell/.rvm/rubies/ruby-2.2.1/lib/ruby/gems/2.2.0/gems/web-console-2.2.1/lib/web_console/templates/console.js.erb within layouts/javascript (72.0ms)
  Rendered /Users/bgamwell/.rvm/rubies/ruby-2.2.1/lib/ruby/gems/2.2.0/gems/web-console-2.2.1/lib/web_console/templates/main.js.erb within layouts/javascript (0.4ms)
  Rendered /Users/bgamwell/.rvm/rubies/ruby-2.2.1/lib/ruby/gems/2.2.0/gems/web-console-2.2.1/lib/web_console/templates/error_page.js.erb within layouts/javascript (0.7ms)
  Rendered /Users/bgamwell/.rvm/rubies/ruby-2.2.1/lib/ruby/gems/2.2.0/gems/web-console-2.2.1/lib/web_console/templates/index.html.erb (162.4ms)


Started GET "/" for ::1 at 2015-08-04 19:11:10 -0700
  [1m[36mActiveRecord::SchemaMigration Load (1.9ms)[0m  [1mSELECT "schema_migrations".* FROM "schema_migrations"[0m
Processing by VillainsController#index as HTML
  Rendered villains/_menu.html.erb (0.6ms)
  [1m[35mVillain Load (3.9ms)[0m  SELECT "villains".* FROM "villains"
  Rendered villains/index.html.erb within layouts/application (51.8ms)
Completed 200 OK in 3270ms (Views: 3225.9ms | ActiveRecord: 7.0ms)


Started GET "/assets/villains.self-e83c34f3d3212508242ddf575b6913050f77fc1f952408530d3eed548a6c5fe9.css?body=1" for ::1 at 2015-08-04 19:11:15 -0700


Started GET "/assets/application.self-e80e8f2318043e8af94dddc2adad5a4f09739a8ebb323b3ab31cd71d45fd9113.css?body=1" for ::1 at 2015-08-04 19:11:15 -0700


Started GET "/assets/jquery.self-d03a5518f45df77341bdbe6201ba3bfa547ebba8ed64f0ea56bfa5f96ea7c074.js?body=1" for ::1 at 2015-08-04 19:11:15 -0700


Started GET "/assets/jquery_ujs.self-ca5248a2fad13d6bd58ea121318d642f195f0b2dd818b30615f785ff365e8d1f.js?body=1" for ::1 at 2015-08-04 19:11:15 -0700


Started GET "/assets/turbolinks.self-c37727e9bd6b2735da5c311aa83fead54ed0be6cc8bd9a65309e9c5abe2cbfff.js?body=1" for ::1 at 2015-08-04 19:11:15 -0700


Started GET "/assets/villains.self-877aef30ae1b040ab8a3aba4e3e309a11d7f2612f44dde450b5c157aa5f95c05.js?body=1" for ::1 at 2015-08-04 19:11:15 -0700


Started GET "/assets/application.self-3b8dabdc891efe46b9a144b400ad69e37d7e5876bdc39dee783419a69d7ca819.js?body=1" for ::1 at 2015-08-04 19:11:15 -0700


Started GET "/villains/new" for ::1 at 2015-08-04 19:11:18 -0700
Processing by VillainsController#new as HTML
  Parameters: {"authenticity_token"=>"SIRwSUIMidjqpfJPFUcxNlCudXhkrsMrWlbcrmtro1qnQ/6GBHa4bE3xdx5FGN/2//PO7a2fKn1Ig4QVuUHO3g=="}
  Rendered villains/_menu.html.erb (0.2ms)
  Rendered villains/new.html.erb within layouts/application (49.7ms)
Completed 200 OK in 98ms (Views: 83.3ms | ActiveRecord: 7.7ms)


Started POST "/villains" for ::1 at 2015-08-04 19:11:50 -0700
Processing by VillainsController#create as HTML
  Parameters: {"utf8"=>"✓", "authenticity_token"=>"ktKoN4B9OetUE6S5m1ErPIxxbnQkkCF8n2RZS5A/jMt9FSb4xgcIX/NHIejLDsX8IyzV4e2hyCqNsQHwQhXhTw==", "villain"=>{"name"=>"testing", "description"=>"testing", "avatar"=>#<ActionDispatch::Http::UploadedFile:0x007fde184b3248 @tempfile=#<Tempfile:/var/folders/_g/lyr6_lwj6gdcd9s3jy31t9lc0000gn/T/RackMultipart20150804-51571-1cikkvt.jpg>, @original_filename="golbez.jpg", @content_type="image/jpeg", @headers="Content-Disposition: form-data; name=\"villain[avatar]\"; filename=\"golbez.jpg\"\r\nContent-Type: image/jpeg\r\n">}, "commit"=>"Save Villain"}
Command :: file -b --mime '/var/folders/_g/lyr6_lwj6gdcd9s3jy31t9lc0000gn/T/c325d15fb4c5299e6858449c72f6e31120150804-51571-1sou4nz.jpg'
Command :: identify -format '%wx%h,%[exif:orientation]' '/var/folders/_g/lyr6_lwj6gdcd9s3jy31t9lc0000gn/T/c325d15fb4c5299e6858449c72f6e31120150804-51571-3f1lns.jpg[0]' 2>/dev/null
Command :: identify -format %m '/var/folders/_g/lyr6_lwj6gdcd9s3jy31t9lc0000gn/T/c325d15fb4c5299e6858449c72f6e31120150804-51571-3f1lns.jpg[0]'
Command :: convert '/var/folders/_g/lyr6_lwj6gdcd9s3jy31t9lc0000gn/T/c325d15fb4c5299e6858449c72f6e31120150804-51571-3f1lns.jpg[0]' -auto-orient -resize "300x300>" '/var/folders/_g/lyr6_lwj6gdcd9s3jy31t9lc0000gn/T/a4283c2e653089ca9928e66ca8cc240720150804-51571-16hialm'
Command :: identify -format '%wx%h,%[exif:orientation]' '/var/folders/_g/lyr6_lwj6gdcd9s3jy31t9lc0000gn/T/c325d15fb4c5299e6858449c72f6e31120150804-51571-3f1lns.jpg[0]' 2>/dev/null
Command :: identify -format %m '/var/folders/_g/lyr6_lwj6gdcd9s3jy31t9lc0000gn/T/c325d15fb4c5299e6858449c72f6e31120150804-51571-3f1lns.jpg[0]'
Command :: convert '/var/folders/_g/lyr6_lwj6gdcd9s3jy31t9lc0000gn/T/c325d15fb4c5299e6858449c72f6e31120150804-51571-3f1lns.jpg[0]' -auto-orient -resize "150x150>" '/var/folders/_g/lyr6_lwj6gdcd9s3jy31t9lc0000gn/T/a4283c2e653089ca9928e66ca8cc240720150804-51571-19yg2b7'
Command :: identify -format '%wx%h,%[exif:orientation]' '/var/folders/_g/lyr6_lwj6gdcd9s3jy31t9lc0000gn/T/c325d15fb4c5299e6858449c72f6e31120150804-51571-3f1lns.jpg[0]' 2>/dev/null
Command :: identify -format %m '/var/folders/_g/lyr6_lwj6gdcd9s3jy31t9lc0000gn/T/c325d15fb4c5299e6858449c72f6e31120150804-51571-3f1lns.jpg[0]'
Command :: convert '/var/folders/_g/lyr6_lwj6gdcd9s3jy31t9lc0000gn/T/c325d15fb4c5299e6858449c72f6e31120150804-51571-3f1lns.jpg[0]' -auto-orient -resize "100x100>" '/var/folders/_g/lyr6_lwj6gdcd9s3jy31t9lc0000gn/T/a4283c2e653089ca9928e66ca8cc240720150804-51571-17j4on3'
  [1m[36m (1.7ms)[0m  [1mBEGIN[0m
Command :: file -b --mime '/var/folders/_g/lyr6_lwj6gdcd9s3jy31t9lc0000gn/T/c325d15fb4c5299e6858449c72f6e31120150804-51571-1cmbeor.jpg'
  [1m[35mSQL (6.2ms)[0m  INSERT INTO "villains" ("name", "description", "avatar_file_name", "avatar_content_type", "avatar_file_size", "avatar_updated_at", "created_at", "updated_at") VALUES ($1, $2, $3, $4, $5, $6, $7, $8) RETURNING "id"  [["name", "testing"], ["description", "testing"], ["avatar_file_name", "golbez.jpg"], ["avatar_content_type", "image/jpeg"], ["avatar_file_size", 97233], ["avatar_updated_at", "2015-08-05 02:11:50.766486"], ["created_at", "2015-08-05 02:11:51.790254"], ["updated_at", "2015-08-05 02:11:51.790254"]]
  [1m[36m (1.8ms)[0m  [1mCOMMIT[0m
Redirected to http://localhost:3000/villains/1
Completed 302 Found in 1092ms (ActiveRecord: 10.0ms)


Started GET "/villains/1" for ::1 at 2015-08-04 19:11:51 -0700
Processing by VillainsController#show as HTML
  Parameters: {"id"=>"1"}
  [1m[35mVillain Load (1.3ms)[0m  SELECT  "villains".* FROM "villains" WHERE "villains"."id" = $1 LIMIT 1  [["id", 1]]
  Rendered villains/_menu.html.erb (0.4ms)
  Rendered villains/show.html.erb within layouts/application (6.2ms)
Completed 200 OK in 83ms (Views: 53.0ms | ActiveRecord: 1.3ms)


Started GET "/villains/1/edit" for ::1 at 2015-08-04 19:11:55 -0700
Processing by VillainsController#edit as HTML
  Parameters: {"id"=>"1"}
  [1m[36mVillain Load (0.4ms)[0m  [1mSELECT  "villains".* FROM "villains" WHERE "villains"."id" = $1 LIMIT 1[0m  [["id", 1]]
  Rendered villains/_menu.html.erb (0.5ms)
  Rendered villains/edit.html.erb within layouts/application (5.0ms)
Completed 200 OK in 38ms (Views: 36.7ms | ActiveRecord: 0.4ms)


Started PATCH "/villains/1" for ::1 at 2015-08-04 19:12:37 -0700
Processing by VillainsController#update as HTML
  Parameters: {"utf8"=>"✓", "authenticity_token"=>"0RRpte2+xTQH4XGWTdJkENFNJ1aPabRfP1wVf1yUIJo+0+d6q8T0gKC19McdjYrQfhCcw0ZYXQktiU3Ejr5NHg==", "villain"=>{"name"=>"Golbez", "description"=>"The biggest, baddest bad guy from Final Fantasy IV. He kidnapped Rosa, then got his butt kicked by his brother (SPOILER), Cecil."}, "commit"=>"Update Villain", "id"=>"1"}
  [1m[35mVillain Load (0.4ms)[0m  SELECT  "villains".* FROM "villains" WHERE "villains"."id" = $1 LIMIT 1  [["id", 1]]
  [1m[36m (0.1ms)[0m  [1mBEGIN[0m
  [1m[35mSQL (1.9ms)[0m  UPDATE "villains" SET "name" = $1, "description" = $2, "updated_at" = $3 WHERE "villains"."id" = $4  [["name", "Golbez"], ["description", "The biggest, baddest bad guy from Final Fantasy IV. He kidnapped Rosa, then got his butt kicked by his brother (SPOILER), Cecil."], ["updated_at", "2015-08-05 02:12:37.935011"], ["id", 1]]
  [1m[36m (0.5ms)[0m  [1mCOMMIT[0m
Redirected to http://localhost:3000/villains/1
Completed 302 Found in 11ms (ActiveRecord: 3.0ms)


Started GET "/villains/1" for ::1 at 2015-08-04 19:12:37 -0700
Processing by VillainsController#show as HTML
  Parameters: {"id"=>"1"}
  [1m[35mVillain Load (0.5ms)[0m  SELECT  "villains".* FROM "villains" WHERE "villains"."id" = $1 LIMIT 1  [["id", 1]]
  Rendered villains/_menu.html.erb (0.1ms)
  Rendered villains/show.html.erb within layouts/application (2.6ms)
Completed 200 OK in 40ms (Views: 37.7ms | ActiveRecord: 0.5ms)


Started GET "/" for ::1 at 2015-08-04 19:12:49 -0700
Processing by VillainsController#index as HTML
  Parameters: {"authenticity_token"=>"XMZv2z8cozccngT4N6Hh5jR1FbQR/Np4iDLFZ0OEcCmzAeEUeWaSg7vKgaln/g8mmyiuIdjNMy6a553cka4drQ=="}
  Rendered villains/_menu.html.erb (0.2ms)
  [1m[36mVillain Load (0.4ms)[0m  [1mSELECT "villains".* FROM "villains"[0m
  Rendered villains/index.html.erb within layouts/application (3.8ms)
Completed 200 OK in 36ms (Views: 34.9ms | ActiveRecord: 0.4ms)


Started DELETE "/villains/1" for ::1 at 2015-08-04 19:13:01 -0700
Processing by VillainsController#destroy as HTML
  Parameters: {"authenticity_token"=>"KiALmJSOUqa+2z1IcSZ23LhI0ZFdiHvKa8CMcjpHafLF54VX0vRjEhmPuBkheZgcFxVqBJS5kpx5FdTJ6G0Edg==", "id"=>"1"}
  [1m[35mVillain Load (0.6ms)[0m  SELECT  "villains".* FROM "villains" WHERE "villains"."id" = $1 LIMIT 1  [["id", 1]]
  [1m[36m (0.2ms)[0m  [1mBEGIN[0m
  [1m[35mSQL (0.8ms)[0m  DELETE FROM "villains" WHERE "villains"."id" = $1  [["id", 1]]
  [1m[36m (0.4ms)[0m  [1mCOMMIT[0m
[paperclip] deleting /Users/bgamwell/dev/villains-wiki-postgres/public/system/villains/avatars/000/000/001/original/golbez.jpg
[paperclip] deleting /Users/bgamwell/dev/villains-wiki-postgres/public/system/villains/avatars/000/000/001/medium/golbez.jpg
[paperclip] deleting /Users/bgamwell/dev/villains-wiki-postgres/public/system/villains/avatars/000/000/001/small/golbez.jpg
[paperclip] deleting /Users/bgamwell/dev/villains-wiki-postgres/public/system/villains/avatars/000/000/001/thumb/golbez.jpg
Redirected to http://localhost:3000/villains
Completed 302 Found in 55ms (ActiveRecord: 2.0ms)


Started GET "/villains" for ::1 at 2015-08-04 19:13:01 -0700
Processing by VillainsController#index as HTML
  Rendered villains/_menu.html.erb (0.1ms)
  [1m[35mVillain Load (0.5ms)[0m  SELECT "villains".* FROM "villains"
  Rendered villains/index.html.erb within layouts/application (2.6ms)
Completed 200 OK in 38ms (Views: 37.0ms | ActiveRecord: 0.5ms)


Started GET "/villains/new" for ::1 at 2015-08-04 19:13:03 -0700
Processing by VillainsController#new as HTML
  Parameters: {"authenticity_token"=>"y3zVRNCa7WnrLh4S7urKiayRXscoEHocWM1asaHA3Q4ku1uLluDc3Ux6m0O+tSRJA8zlUuEhk0pKGAIKc+qwig=="}
  Rendered villains/_menu.html.erb (0.2ms)
  Rendered villains/new.html.erb within layouts/application (5.4ms)
Completed 200 OK in 74ms (Views: 72.9ms | ActiveRecord: 0.0ms)


Started POST "/villains" for ::1 at 2015-08-04 19:13:35 -0700
Processing by VillainsController#create as HTML
  Parameters: {"utf8"=>"✓", "authenticity_token"=>"qPe/XjKw3i1BT9kRtRLy3QLkW+MTV3C50yzNL87+b2lHMDGRdMrvmeYbXEDlTRwdrbngdtpmme/B+ZWUHNQC7Q==", "villain"=>{"name"=>"Golbez", "description"=>"The biggest, baddest bad guy of Final Fantasy IV. He kidnapped Rosa, then got his a** kicked by (SPOILER) his brother, Cecil.", "avatar"=>#<ActionDispatch::Http::UploadedFile:0x007fde17524b38 @tempfile=#<Tempfile:/var/folders/_g/lyr6_lwj6gdcd9s3jy31t9lc0000gn/T/RackMultipart20150804-51571-12wbir8.jpg>, @original_filename="golbez.jpg", @content_type="image/jpeg", @headers="Content-Disposition: form-data; name=\"villain[avatar]\"; filename=\"golbez.jpg\"\r\nContent-Type: image/jpeg\r\n">}, "commit"=>"Save Villain"}
Command :: file -b --mime '/var/folders/_g/lyr6_lwj6gdcd9s3jy31t9lc0000gn/T/c325d15fb4c5299e6858449c72f6e31120150804-51571-umzhu3.jpg'
Command :: identify -format '%wx%h,%[exif:orientation]' '/var/folders/_g/lyr6_lwj6gdcd9s3jy31t9lc0000gn/T/c325d15fb4c5299e6858449c72f6e31120150804-51571-qzzw86.jpg[0]' 2>/dev/null
Command :: identify -format %m '/var/folders/_g/lyr6_lwj6gdcd9s3jy31t9lc0000gn/T/c325d15fb4c5299e6858449c72f6e31120150804-51571-qzzw86.jpg[0]'
Command :: convert '/var/folders/_g/lyr6_lwj6gdcd9s3jy31t9lc0000gn/T/c325d15fb4c5299e6858449c72f6e31120150804-51571-qzzw86.jpg[0]' -auto-orient -resize "300x300>" '/var/folders/_g/lyr6_lwj6gdcd9s3jy31t9lc0000gn/T/01b6ce761185bb36b67e429d9627041420150804-51571-1giyxap'
Command :: identify -format '%wx%h,%[exif:orientation]' '/var/folders/_g/lyr6_lwj6gdcd9s3jy31t9lc0000gn/T/c325d15fb4c5299e6858449c72f6e31120150804-51571-qzzw86.jpg[0]' 2>/dev/null
Command :: identify -format %m '/var/folders/_g/lyr6_lwj6gdcd9s3jy31t9lc0000gn/T/c325d15fb4c5299e6858449c72f6e31120150804-51571-qzzw86.jpg[0]'
Command :: convert '/var/folders/_g/lyr6_lwj6gdcd9s3jy31t9lc0000gn/T/c325d15fb4c5299e6858449c72f6e31120150804-51571-qzzw86.jpg[0]' -auto-orient -resize "150x150>" '/var/folders/_g/lyr6_lwj6gdcd9s3jy31t9lc0000gn/T/01b6ce761185bb36b67e429d9627041420150804-51571-iabj02'
Command :: identify -format '%wx%h,%[exif:orientation]' '/var/folders/_g/lyr6_lwj6gdcd9s3jy31t9lc0000gn/T/c325d15fb4c5299e6858449c72f6e31120150804-51571-qzzw86.jpg[0]' 2>/dev/null
Command :: identify -format %m '/var/folders/_g/lyr6_lwj6gdcd9s3jy31t9lc0000gn/T/c325d15fb4c5299e6858449c72f6e31120150804-51571-qzzw86.jpg[0]'
Command :: convert '/var/folders/_g/lyr6_lwj6gdcd9s3jy31t9lc0000gn/T/c325d15fb4c5299e6858449c72f6e31120150804-51571-qzzw86.jpg[0]' -auto-orient -resize "100x100>" '/var/folders/_g/lyr6_lwj6gdcd9s3jy31t9lc0000gn/T/01b6ce761185bb36b67e429d9627041420150804-51571-1l9gryg'
  [1m[36m (0.2ms)[0m  [1mBEGIN[0m
Command :: file -b --mime '/var/folders/_g/lyr6_lwj6gdcd9s3jy31t9lc0000gn/T/c325d15fb4c5299e6858449c72f6e31120150804-51571-1b19ulo.jpg'
  [1m[35mSQL (0.4ms)[0m  INSERT INTO "villains" ("name", "description", "avatar_file_name", "avatar_content_type", "avatar_file_size", "avatar_updated_at", "created_at", "updated_at") VALUES ($1, $2, $3, $4, $5, $6, $7, $8) RETURNING "id"  [["name", "Golbez"], ["description", "The biggest, baddest bad guy of Final Fantasy IV. He kidnapped Rosa, then got his a** kicked by (SPOILER) his brother, Cecil."], ["avatar_file_name", "golbez.jpg"], ["avatar_content_type", "image/jpeg"], ["avatar_file_size", 97233], ["avatar_updated_at", "2015-08-05 02:13:35.630643"], ["created_at", "2015-08-05 02:13:36.072590"], ["updated_at", "2015-08-05 02:13:36.072590"]]
  [1m[36m (0.5ms)[0m  [1mCOMMIT[0m
Redirected to http://localhost:3000/villains/2
Completed 302 Found in 479ms (ActiveRecord: 1.0ms)


Started GET "/villains/2" for ::1 at 2015-08-04 19:13:36 -0700
Processing by VillainsController#show as HTML
  Parameters: {"id"=>"2"}
  [1m[35mVillain Load (0.4ms)[0m  SELECT  "villains".* FROM "villains" WHERE "villains"."id" = $1 LIMIT 1  [["id", 2]]
  Rendered villains/_menu.html.erb (0.3ms)
  Rendered villains/show.html.erb within layouts/application (4.5ms)
Completed 200 OK in 57ms (Views: 55.3ms | ActiveRecord: 0.4ms)


Started GET "/villains/2/edit" for ::1 at 2015-08-04 19:13:37 -0700
Processing by VillainsController#edit as HTML
  Parameters: {"id"=>"2"}
  [1m[36mVillain Load (0.9ms)[0m  [1mSELECT  "villains".* FROM "villains" WHERE "villains"."id" = $1 LIMIT 1[0m  [["id", 2]]
  Rendered villains/_menu.html.erb (0.3ms)
  Rendered villains/edit.html.erb within layouts/application (4.5ms)
Completed 200 OK in 35ms (Views: 31.4ms | ActiveRecord: 0.9ms)


Started PATCH "/villains/2" for ::1 at 2015-08-04 19:13:40 -0700
Processing by VillainsController#update as HTML
  Parameters: {"utf8"=>"✓", "authenticity_token"=>"JJDJFhVu2avCchwOAFuwMDsPBJ/Jcs3356GztQgMg0rLV0fZUxToH2UmmV9QBF7wlFK/CgBDJKH1dOsO2ibuzg==", "villain"=>{"name"=>"Golbe", "description"=>"The biggest, baddest bad guy of Final Fantasy IV. He kidnapped Rosa, then got his a** kicked by (SPOILER) his brother, Cecil."}, "commit"=>"Update Villain", "id"=>"2"}
  [1m[35mVillain Load (0.3ms)[0m  SELECT  "villains".* FROM "villains" WHERE "villains"."id" = $1 LIMIT 1  [["id", 2]]
  [1m[36m (0.2ms)[0m  [1mBEGIN[0m
  [1m[35mSQL (0.5ms)[0m  UPDATE "villains" SET "name" = $1, "updated_at" = $2 WHERE "villains"."id" = $3  [["name", "Golbe"], ["updated_at", "2015-08-05 02:13:40.475414"], ["id", 2]]
  [1m[36m (0.4ms)[0m  [1mCOMMIT[0m
Redirected to http://localhost:3000/villains/2
Completed 302 Found in 7ms (ActiveRecord: 1.3ms)


Started GET "/villains/2" for ::1 at 2015-08-04 19:13:40 -0700
Processing by VillainsController#show as HTML
  Parameters: {"id"=>"2"}
  [1m[35mVillain Load (0.3ms)[0m  SELECT  "villains".* FROM "villains" WHERE "villains"."id" = $1 LIMIT 1  [["id", 2]]
  Rendered villains/_menu.html.erb (0.3ms)
  Rendered villains/show.html.erb within layouts/application (3.4ms)
Completed 200 OK in 33ms (Views: 31.5ms | ActiveRecord: 0.3ms)


Started GET "/villains/2/edit" for ::1 at 2015-08-04 19:13:43 -0700
Processing by VillainsController#edit as HTML
  Parameters: {"id"=>"2"}
  [1m[36mVillain Load (0.3ms)[0m  [1mSELECT  "villains".* FROM "villains" WHERE "villains"."id" = $1 LIMIT 1[0m  [["id", 2]]
  Rendered villains/_menu.html.erb (0.1ms)
  Rendered villains/edit.html.erb within layouts/application (2.4ms)
Completed 200 OK in 29ms (Views: 27.7ms | ActiveRecord: 0.3ms)


Started PATCH "/villains/2" for ::1 at 2015-08-04 19:13:46 -0700
Processing by VillainsController#update as HTML
  Parameters: {"utf8"=>"✓", "authenticity_token"=>"G4SS8NG0oePn3+3bsn1NhPuZ+8zqya9K7BGc9nUGvvH0Qxw/l86QV0CLaIriIqNEVMRAWSP4Rhz+xMRNpyzTdQ==", "villain"=>{"name"=>"Golbez", "description"=>"The biggest, baddest bad guy of Final Fantasy IV. He kidnapped Rosa, then got his a** kicked by (SPOILER) his brother, Cecil."}, "commit"=>"Update Villain", "id"=>"2"}
  [1m[35mVillain Load (0.3ms)[0m  SELECT  "villains".* FROM "villains" WHERE "villains"."id" = $1 LIMIT 1  [["id", 2]]
  [1m[36m (0.3ms)[0m  [1mBEGIN[0m
  [1m[35mSQL (0.4ms)[0m  UPDATE "villains" SET "name" = $1, "updated_at" = $2 WHERE "villains"."id" = $3  [["name", "Golbez"], ["updated_at", "2015-08-05 02:13:46.483076"], ["id", 2]]
  [1m[36m (0.4ms)[0m  [1mCOMMIT[0m
Redirected to http://localhost:3000/villains/2
Completed 302 Found in 6ms (ActiveRecord: 1.4ms)


Started GET "/villains/2" for ::1 at 2015-08-04 19:13:46 -0700
Processing by VillainsController#show as HTML
  Parameters: {"id"=>"2"}
  [1m[35mVillain Load (0.4ms)[0m  SELECT  "villains".* FROM "villains" WHERE "villains"."id" = $1 LIMIT 1  [["id", 2]]
  Rendered villains/_menu.html.erb (0.3ms)
  Rendered villains/show.html.erb within layouts/application (3.5ms)
Completed 200 OK in 43ms (Views: 40.9ms | ActiveRecord: 0.4ms)


Started GET "/" for ::1 at 2015-08-04 19:13:47 -0700
Processing by VillainsController#index as HTML
  Rendered villains/_menu.html.erb (0.2ms)
  [1m[36mVillain Load (0.4ms)[0m  [1mSELECT "villains".* FROM "villains"[0m
  Rendered villains/index.html.erb within layouts/application (4.6ms)
Completed 200 OK in 41ms (Views: 39.8ms | ActiveRecord: 0.4ms)


Started GET "/" for ::1 at 2015-08-04 20:54:30 -0700
Processing by VillainsController#index as HTML
  Rendered villains/_menu.html.erb (1.4ms)
  [1m[35mVillain Load (22.2ms)[0m  SELECT "villains".* FROM "villains"
  Rendered villains/index.html.erb within layouts/application (60.3ms)
Completed 200 OK in 393ms (Views: 354.5ms | ActiveRecord: 22.2ms)


Started GET "/" for ::1 at 2015-08-04 20:54:31 -0700
Processing by VillainsController#index as HTML
  Rendered villains/_menu.html.erb (0.2ms)
  [1m[36mVillain Load (0.5ms)[0m  [1mSELECT "villains".* FROM "villains"[0m
  Rendered villains/index.html.erb within layouts/application (5.5ms)
Completed 200 OK in 132ms (Views: 130.3ms | ActiveRecord: 0.5ms)


Started GET "/" for ::1 at 2015-08-04 20:54:31 -0700
Processing by VillainsController#index as HTML
  Rendered villains/_menu.html.erb (0.1ms)
  [1m[35mVillain Load (0.5ms)[0m  SELECT "villains".* FROM "villains"
  Rendered villains/index.html.erb within layouts/application (4.3ms)
Completed 200 OK in 51ms (Views: 49.1ms | ActiveRecord: 0.5ms)


Started GET "/" for ::1 at 2015-08-11 21:21:40 -0700
  [1m[36mActiveRecord::SchemaMigration Load (4.8ms)[0m  [1mSELECT "schema_migrations".* FROM "schema_migrations"[0m
Processing by VillainsController#index as HTML
Completed 500 Internal Server Error in 16ms (ActiveRecord: 0.0ms)

SyntaxError (/Users/bgamwell/dev/villains-wiki-postgres/app/models/villain.rb:17: syntax error, unexpected end-of-input, expecting keyword_end):
  app/models/villain.rb:17: syntax error, unexpected end-of-input, expecting keyword_end
  app/controllers/villains_controller.rb:4:in `index'


  Rendered /Users/bgamwell/.rvm/rubies/ruby-2.2.1/lib/ruby/gems/2.2.0/gems/actionpack-4.2.3/lib/action_dispatch/middleware/templates/rescues/_source.erb (8.2ms)
  Rendered /Users/bgamwell/.rvm/rubies/ruby-2.2.1/lib/ruby/gems/2.2.0/gems/actionpack-4.2.3/lib/action_dispatch/middleware/templates/rescues/_trace.html.erb (4.3ms)
  Rendered /Users/bgamwell/.rvm/rubies/ruby-2.2.1/lib/ruby/gems/2.2.0/gems/actionpack-4.2.3/lib/action_dispatch/middleware/templates/rescues/_request_and_response.html.erb (1.1ms)
  Rendered /Users/bgamwell/.rvm/rubies/ruby-2.2.1/lib/ruby/gems/2.2.0/gems/actionpack-4.2.3/lib/action_dispatch/middleware/templates/rescues/diagnostics.html.erb within rescues/layout (103.2ms)
  Rendered /Users/bgamwell/.rvm/rubies/ruby-2.2.1/lib/ruby/gems/2.2.0/gems/web-console-2.2.1/lib/web_console/templates/_markup.html.erb (0.8ms)
  Rendered /Users/bgamwell/.rvm/rubies/ruby-2.2.1/lib/ruby/gems/2.2.0/gems/web-console-2.2.1/lib/web_console/templates/_inner_console_markup.html.erb within layouts/inlined_string (0.5ms)
  Rendered /Users/bgamwell/.rvm/rubies/ruby-2.2.1/lib/ruby/gems/2.2.0/gems/web-console-2.2.1/lib/web_console/templates/_prompt_box_markup.html.erb within layouts/inlined_string (0.4ms)
  Rendered /Users/bgamwell/.rvm/rubies/ruby-2.2.1/lib/ruby/gems/2.2.0/gems/web-console-2.2.1/lib/web_console/templates/style.css.erb within layouts/inlined_string (0.6ms)
  Rendered /Users/bgamwell/.rvm/rubies/ruby-2.2.1/lib/ruby/gems/2.2.0/gems/web-console-2.2.1/lib/web_console/templates/console.js.erb within layouts/javascript (85.2ms)
  Rendered /Users/bgamwell/.rvm/rubies/ruby-2.2.1/lib/ruby/gems/2.2.0/gems/web-console-2.2.1/lib/web_console/templates/main.js.erb within layouts/javascript (0.3ms)
  Rendered /Users/bgamwell/.rvm/rubies/ruby-2.2.1/lib/ruby/gems/2.2.0/gems/web-console-2.2.1/lib/web_console/templates/error_page.js.erb within layouts/javascript (0.4ms)
  Rendered /Users/bgamwell/.rvm/rubies/ruby-2.2.1/lib/ruby/gems/2.2.0/gems/web-console-2.2.1/lib/web_console/templates/index.html.erb (236.0ms)


Started GET "/" for ::1 at 2015-08-11 21:22:02 -0700
Processing by VillainsController#index as HTML
  Rendered villains/_menu.html.erb (0.7ms)
  [1m[35mVillain Load (4.7ms)[0m  SELECT "villains".* FROM "villains"
  Rendered villains/index.html.erb within layouts/application (45.7ms)
Completed 200 OK in 729ms (Views: 693.5ms | ActiveRecord: 29.4ms)


Started GET "/assets/villains.self-877aef30ae1b040ab8a3aba4e3e309a11d7f2612f44dde450b5c157aa5f95c05.js?body=1" for ::1 at 2015-08-11 21:22:03 -0700


Started GET "/assets/villains.self-e83c34f3d3212508242ddf575b6913050f77fc1f952408530d3eed548a6c5fe9.css?body=1" for ::1 at 2015-08-11 21:22:03 -0700


Started GET "/assets/application.self-e80e8f2318043e8af94dddc2adad5a4f09739a8ebb323b3ab31cd71d45fd9113.css?body=1" for ::1 at 2015-08-11 21:22:03 -0700


Started GET "/assets/jquery.self-d03a5518f45df77341bdbe6201ba3bfa547ebba8ed64f0ea56bfa5f96ea7c074.js?body=1" for ::1 at 2015-08-11 21:22:03 -0700


Started GET "/assets/application.self-3b8dabdc891efe46b9a144b400ad69e37d7e5876bdc39dee783419a69d7ca819.js?body=1" for ::1 at 2015-08-11 21:22:03 -0700


Started GET "/assets/turbolinks.self-c37727e9bd6b2735da5c311aa83fead54ed0be6cc8bd9a65309e9c5abe2cbfff.js?body=1" for ::1 at 2015-08-11 21:22:03 -0700


Started GET "/assets/jquery_ujs.self-ca5248a2fad13d6bd58ea121318d642f195f0b2dd818b30615f785ff365e8d1f.js?body=1" for ::1 at 2015-08-11 21:22:03 -0700


Started GET "/assets/turbolinks.self-c37727e9bd6b2735da5c311aa83fead54ed0be6cc8bd9a65309e9c5abe2cbfff.js?body=1" for ::1 at 2015-08-11 21:22:03 -0700


Started GET "/villains/2/edit" for ::1 at 2015-08-11 21:22:05 -0700
Processing by VillainsController#edit as HTML
  Parameters: {"id"=>"2"}
  [1m[36mVillain Load (3.4ms)[0m  [1mSELECT  "villains".* FROM "villains" WHERE "villains"."id" = $1 LIMIT 1[0m  [["id", 2]]
  Rendered villains/_menu.html.erb (0.5ms)
  Rendered villains/edit.html.erb within layouts/application (97.8ms)
Completed 200 OK in 294ms (Views: 178.7ms | ActiveRecord: 3.7ms)


Started PATCH "/villains/2" for ::1 at 2015-08-11 21:22:15 -0700
Processing by VillainsController#update as HTML
  Parameters: {"utf8"=>"✓", "authenticity_token"=>"toOm4aaLF4MCVW9mXZuG+BBl863+GkUhSXBmuzTtWytU7sJ6y1YUPuyUmWmUWv0Y3TvAUEP7Mo7qqFPqhx2KqQ==", "villain"=>{"name"=>"Golbez", "description"=>"The biggest, baddest bad guy of Final Fantasy IV. He kidnapped Rosa, then got his a** kicked by (SPOILER) his brother, Cecil.", "avatar"=>#<ActionDispatch::Http::UploadedFile:0x007fd945538600 @tempfile=#<Tempfile:/var/folders/_g/lyr6_lwj6gdcd9s3jy31t9lc0000gn/T/RackMultipart20150811-19866-ruapi3.jpg>, @original_filename="golbez.jpg", @content_type="image/jpeg", @headers="Content-Disposition: form-data; name=\"villain[avatar]\"; filename=\"golbez.jpg\"\r\nContent-Type: image/jpeg\r\n">}, "commit"=>"Update Villain", "id"=>"2"}
  [1m[35mVillain Load (0.4ms)[0m  SELECT  "villains".* FROM "villains" WHERE "villains"."id" = $1 LIMIT 1  [["id", 2]]
  [1m[36m (1.2ms)[0m  [1mBEGIN[0m
[AWS S3 404 1.02429 0 retries] head_object(:bucket_name=>"buckity-bucket",:key=>"avatars/2/original/avatar.jpg") AWS::S3::Errors::NoSuchKey No Such Key

[AWS S3 404 0.109375 0 retries] head_object(:bucket_name=>"buckity-bucket",:key=>"avatars/2/medium/avatar.jpg") AWS::S3::Errors::NoSuchKey No Such Key

[AWS S3 404 0.09171 0 retries] head_object(:bucket_name=>"buckity-bucket",:key=>"avatars/2/small/avatar.jpg") AWS::S3::Errors::NoSuchKey No Such Key

[AWS S3 404 0.092153 0 retries] head_object(:bucket_name=>"buckity-bucket",:key=>"avatars/2/thumb/avatar.jpg") AWS::S3::Errors::NoSuchKey No Such Key

Command :: file -b --mime '/var/folders/_g/lyr6_lwj6gdcd9s3jy31t9lc0000gn/T/c325d15fb4c5299e6858449c72f6e31120150811-19866-kky999.jpg'
Command :: identify -format '%wx%h,%[exif:orientation]' '/var/folders/_g/lyr6_lwj6gdcd9s3jy31t9lc0000gn/T/c325d15fb4c5299e6858449c72f6e31120150811-19866-11zqdaw.jpg[0]' 2>/dev/null
Command :: identify -format %m '/var/folders/_g/lyr6_lwj6gdcd9s3jy31t9lc0000gn/T/c325d15fb4c5299e6858449c72f6e31120150811-19866-11zqdaw.jpg[0]'
Command :: convert '/var/folders/_g/lyr6_lwj6gdcd9s3jy31t9lc0000gn/T/c325d15fb4c5299e6858449c72f6e31120150811-19866-11zqdaw.jpg[0]' -auto-orient -resize "200x200>" '/var/folders/_g/lyr6_lwj6gdcd9s3jy31t9lc0000gn/T/f46c475d4fce48f820e729f6e44c3c3020150811-19866-1363sod'
Command :: identify -format '%wx%h,%[exif:orientation]' '/var/folders/_g/lyr6_lwj6gdcd9s3jy31t9lc0000gn/T/c325d15fb4c5299e6858449c72f6e31120150811-19866-11zqdaw.jpg[0]' 2>/dev/null
Command :: identify -format %m '/var/folders/_g/lyr6_lwj6gdcd9s3jy31t9lc0000gn/T/c325d15fb4c5299e6858449c72f6e31120150811-19866-11zqdaw.jpg[0]'
Command :: convert '/var/folders/_g/lyr6_lwj6gdcd9s3jy31t9lc0000gn/T/c325d15fb4c5299e6858449c72f6e31120150811-19866-11zqdaw.jpg[0]' -auto-orient -resize "100x100>" '/var/folders/_g/lyr6_lwj6gdcd9s3jy31t9lc0000gn/T/f46c475d4fce48f820e729f6e44c3c3020150811-19866-12ab585'
Command :: identify -format '%wx%h,%[exif:orientation]' '/var/folders/_g/lyr6_lwj6gdcd9s3jy31t9lc0000gn/T/c325d15fb4c5299e6858449c72f6e31120150811-19866-11zqdaw.jpg[0]' 2>/dev/null
Command :: identify -format %m '/var/folders/_g/lyr6_lwj6gdcd9s3jy31t9lc0000gn/T/c325d15fb4c5299e6858449c72f6e31120150811-19866-11zqdaw.jpg[0]'
Command :: convert '/var/folders/_g/lyr6_lwj6gdcd9s3jy31t9lc0000gn/T/c325d15fb4c5299e6858449c72f6e31120150811-19866-11zqdaw.jpg[0]' -auto-orient -resize "44x" -crop "44x44+0+11" +repage '/var/folders/_g/lyr6_lwj6gdcd9s3jy31t9lc0000gn/T/f46c475d4fce48f820e729f6e44c3c3020150811-19866-1vre2sa'
Command :: file -b --mime '/var/folders/_g/lyr6_lwj6gdcd9s3jy31t9lc0000gn/T/c325d15fb4c5299e6858449c72f6e31120150811-19866-fm74od.jpg'
Command :: file -b --mime '/var/folders/_g/lyr6_lwj6gdcd9s3jy31t9lc0000gn/T/c325d15fb4c5299e6858449c72f6e31120150811-19866-1azmz64.jpg'
  [1m[35mSQL (5.5ms)[0m  UPDATE "villains" SET "avatar_updated_at" = $1, "avatar_file_name" = $2, "updated_at" = $3 WHERE "villains"."id" = $4  [["avatar_updated_at", "2015-08-12 04:22:18.649498"], ["avatar_file_name", "golbez.jpg"], ["updated_at", "2015-08-12 04:22:19.673336"], ["id", 2]]
[paperclip] saving avatars/2/original/avatar.jpg
[AWS S3 404 0.171119 0 retries] put_object(:acl=>:public_read,:bucket_name=>"buckity-bucket",:content_length=>97233,:content_type=>"image/jpeg",:data=>Paperclip::UploadedFileAdapter: golbez.jpg,:key=>"avatars/2/original/avatar.jpg") AWS::S3::Errors::NoSuchBucket The specified bucket does not exist

[AWS S3 200 0.622793 0 retries] create_bucket(:bucket_name=>"buckity-bucket")  

[paperclip] saving avatars/2/original/avatar.jpg
[AWS S3 200 0.69363 0 retries] put_object(:acl=>:public_read,:bucket_name=>"buckity-bucket",:content_length=>97233,:content_type=>"image/jpeg",:data=>Paperclip::UploadedFileAdapter: golbez.jpg,:key=>"avatars/2/original/avatar.jpg")  

[paperclip] saving avatars/2/medium/avatar.jpg
[AWS S3 200 0.206446 0 retries] put_object(:acl=>:public_read,:bucket_name=>"buckity-bucket",:content_length=>7296,:content_type=>"image/jpeg",:data=>Paperclip::FileAdapter: f46c475d4fce48f820e729f6e44c3c3020150811-19866-1363sod,:key=>"avatars/2/medium/avatar.jpg")  

[paperclip] saving avatars/2/small/avatar.jpg
[AWS S3 200 0.237817 0 retries] put_object(:acl=>:public_read,:bucket_name=>"buckity-bucket",:content_length=>2609,:content_type=>"image/jpeg",:data=>Paperclip::FileAdapter: f46c475d4fce48f820e729f6e44c3c3020150811-19866-12ab585,:key=>"avatars/2/small/avatar.jpg")  

[paperclip] saving avatars/2/thumb/avatar.jpg
[AWS S3 200 0.203453 0 retries] put_object(:acl=>:public_read,:bucket_name=>"buckity-bucket",:content_length=>1136,:content_type=>"image/jpeg",:data=>Paperclip::FileAdapter: f46c475d4fce48f820e729f6e44c3c3020150811-19866-1vre2sa,:key=>"avatars/2/thumb/avatar.jpg")  

  [1m[36m (3.0ms)[0m  [1mCOMMIT[0m
Redirected to http://localhost:3000/villains/2
Completed 302 Found in 6233ms (ActiveRecord: 10.2ms)


Started GET "/villains/2" for ::1 at 2015-08-11 21:22:21 -0700
Processing by VillainsController#show as HTML
  Parameters: {"id"=>"2"}
  [1m[35mVillain Load (0.9ms)[0m  SELECT  "villains".* FROM "villains" WHERE "villains"."id" = $1 LIMIT 1  [["id", 2]]
  Rendered villains/_menu.html.erb (0.3ms)
  Rendered villains/show.html.erb within layouts/application (4.2ms)
Completed 200 OK in 46ms (Views: 42.9ms | ActiveRecord: 0.9ms)


Started GET "/villains/2" for ::1 at 2015-08-11 21:23:01 -0700
Processing by VillainsController#show as HTML
  Parameters: {"id"=>"2"}
  [1m[36mVillain Load (2.5ms)[0m  [1mSELECT  "villains".* FROM "villains" WHERE "villains"."id" = $1 LIMIT 1[0m  [["id", 2]]
  Rendered villains/_menu.html.erb (0.3ms)
  Rendered villains/show.html.erb within layouts/application (5.9ms)
Completed 200 OK in 146ms (Views: 56.6ms | ActiveRecord: 35.7ms)


Started GET "/assets/villains.self-e83c34f3d3212508242ddf575b6913050f77fc1f952408530d3eed548a6c5fe9.css?body=1" for ::1 at 2015-08-11 21:23:01 -0700


Started GET "/assets/jquery_ujs.self-ca5248a2fad13d6bd58ea121318d642f195f0b2dd818b30615f785ff365e8d1f.js?body=1" for ::1 at 2015-08-11 21:23:01 -0700


Started GET "/assets/villains.self-877aef30ae1b040ab8a3aba4e3e309a11d7f2612f44dde450b5c157aa5f95c05.js?body=1" for ::1 at 2015-08-11 21:23:01 -0700


Started GET "/assets/application.self-e80e8f2318043e8af94dddc2adad5a4f09739a8ebb323b3ab31cd71d45fd9113.css?body=1" for ::1 at 2015-08-11 21:23:02 -0700


Started GET "/assets/application.self-3b8dabdc891efe46b9a144b400ad69e37d7e5876bdc39dee783419a69d7ca819.js?body=1" for ::1 at 2015-08-11 21:23:02 -0700


Started GET "/assets/turbolinks.self-c37727e9bd6b2735da5c311aa83fead54ed0be6cc8bd9a65309e9c5abe2cbfff.js?body=1" for ::1 at 2015-08-11 21:23:02 -0700


Started GET "/assets/jquery.self-d03a5518f45df77341bdbe6201ba3bfa547ebba8ed64f0ea56bfa5f96ea7c074.js?body=1" for ::1 at 2015-08-11 21:23:02 -0700


Started GET "/villains/2/edit" for ::1 at 2015-08-11 21:23:05 -0700
Processing by VillainsController#edit as HTML
  Parameters: {"id"=>"2"}
  [1m[35mVillain Load (0.4ms)[0m  SELECT  "villains".* FROM "villains" WHERE "villains"."id" = $1 LIMIT 1  [["id", 2]]
  Rendered villains/_menu.html.erb (0.2ms)
  Rendered villains/edit.html.erb within layouts/application (6.3ms)
Completed 200 OK in 82ms (Views: 80.8ms | ActiveRecord: 0.4ms)


Started PATCH "/villains/2" for ::1 at 2015-08-11 21:23:18 -0700
Processing by VillainsController#update as HTML
  Parameters: {"utf8"=>"✓", "authenticity_token"=>"yBpHDdBnTZZ+4MJvLm11bQTwmh6isQtAtrW+w0m9QFcqdyOWvbpOK5AhNGDnrA6Nya6p4x9QfO8VbYuS+k2R1Q==", "villain"=>{"name"=>"Golbez", "description"=>"The biggest, baddest bad guy of Final Fantasy IV. He kidnapped Rosa, then got his a** kicked by (SPOILER) his brother, Cecil.", "avatar"=>#<ActionDispatch::Http::UploadedFile:0x007fd942d68b98 @tempfile=#<Tempfile:/var/folders/_g/lyr6_lwj6gdcd9s3jy31t9lc0000gn/T/RackMultipart20150811-19866-262370.jpg>, @original_filename="golbez.jpg", @content_type="image/jpeg", @headers="Content-Disposition: form-data; name=\"villain[avatar]\"; filename=\"golbez.jpg\"\r\nContent-Type: image/jpeg\r\n">}, "commit"=>"Update Villain", "id"=>"2"}
  [1m[36mVillain Load (0.5ms)[0m  [1mSELECT  "villains".* FROM "villains" WHERE "villains"."id" = $1 LIMIT 1[0m  [["id", 2]]
  [1m[35m (0.7ms)[0m  BEGIN
[AWS S3 200 0.453229 0 retries] head_object(:bucket_name=>"buckity-bucket",:key=>"avatars/2/original/avatar.jpg")  

[AWS S3 200 0.095342 0 retries] head_object(:bucket_name=>"buckity-bucket",:key=>"avatars/2/medium/avatar.jpg")  

[AWS S3 200 0.097012 0 retries] head_object(:bucket_name=>"buckity-bucket",:key=>"avatars/2/small/avatar.jpg")  

[AWS S3 200 0.176235 0 retries] head_object(:bucket_name=>"buckity-bucket",:key=>"avatars/2/thumb/avatar.jpg")  

Command :: file -b --mime '/var/folders/_g/lyr6_lwj6gdcd9s3jy31t9lc0000gn/T/c325d15fb4c5299e6858449c72f6e31120150811-19866-pae3lr.jpg'
Command :: identify -format '%wx%h,%[exif:orientation]' '/var/folders/_g/lyr6_lwj6gdcd9s3jy31t9lc0000gn/T/c325d15fb4c5299e6858449c72f6e31120150811-19866-9ylgsq.jpg[0]' 2>/dev/null
Command :: identify -format %m '/var/folders/_g/lyr6_lwj6gdcd9s3jy31t9lc0000gn/T/c325d15fb4c5299e6858449c72f6e31120150811-19866-9ylgsq.jpg[0]'
Command :: convert '/var/folders/_g/lyr6_lwj6gdcd9s3jy31t9lc0000gn/T/c325d15fb4c5299e6858449c72f6e31120150811-19866-9ylgsq.jpg[0]' -auto-orient -resize "200x200>" '/var/folders/_g/lyr6_lwj6gdcd9s3jy31t9lc0000gn/T/f8fc7c6c595d533204a1e9c6e976bff720150811-19866-p0jw8j'
Command :: identify -format '%wx%h,%[exif:orientation]' '/var/folders/_g/lyr6_lwj6gdcd9s3jy31t9lc0000gn/T/c325d15fb4c5299e6858449c72f6e31120150811-19866-9ylgsq.jpg[0]' 2>/dev/null
Command :: identify -format %m '/var/folders/_g/lyr6_lwj6gdcd9s3jy31t9lc0000gn/T/c325d15fb4c5299e6858449c72f6e31120150811-19866-9ylgsq.jpg[0]'
Command :: convert '/var/folders/_g/lyr6_lwj6gdcd9s3jy31t9lc0000gn/T/c325d15fb4c5299e6858449c72f6e31120150811-19866-9ylgsq.jpg[0]' -auto-orient -resize "100x100>" '/var/folders/_g/lyr6_lwj6gdcd9s3jy31t9lc0000gn/T/f8fc7c6c595d533204a1e9c6e976bff720150811-19866-1mcje0d'
Command :: identify -format '%wx%h,%[exif:orientation]' '/var/folders/_g/lyr6_lwj6gdcd9s3jy31t9lc0000gn/T/c325d15fb4c5299e6858449c72f6e31120150811-19866-9ylgsq.jpg[0]' 2>/dev/null
Command :: identify -format %m '/var/folders/_g/lyr6_lwj6gdcd9s3jy31t9lc0000gn/T/c325d15fb4c5299e6858449c72f6e31120150811-19866-9ylgsq.jpg[0]'
Command :: convert '/var/folders/_g/lyr6_lwj6gdcd9s3jy31t9lc0000gn/T/c325d15fb4c5299e6858449c72f6e31120150811-19866-9ylgsq.jpg[0]' -auto-orient -resize "44x" -crop "44x44+0+11" +repage '/var/folders/_g/lyr6_lwj6gdcd9s3jy31t9lc0000gn/T/f8fc7c6c595d533204a1e9c6e976bff720150811-19866-zhz5sa'
Command :: file -b --mime '/var/folders/_g/lyr6_lwj6gdcd9s3jy31t9lc0000gn/T/c325d15fb4c5299e6858449c72f6e31120150811-19866-17ttc69.jpg'
Command :: file -b --mime '/var/folders/_g/lyr6_lwj6gdcd9s3jy31t9lc0000gn/T/c325d15fb4c5299e6858449c72f6e31120150811-19866-4yzl9y.jpg'
  [1m[36mSQL (0.6ms)[0m  [1mUPDATE "villains" SET "avatar_updated_at" = $1, "avatar_file_name" = $2, "updated_at" = $3 WHERE "villains"."id" = $4[0m  [["avatar_updated_at", "2015-08-12 04:23:19.307917"], ["avatar_file_name", "golbez.jpg"], ["updated_at", "2015-08-12 04:23:19.755342"], ["id", 2]]
[paperclip] deleting avatars/2/original/avatar.jpg
[AWS S3 204 0.115909 0 retries] delete_object(:bucket_name=>"buckity-bucket",:key=>"avatars/2/original/avatar.jpg")  

[paperclip] deleting avatars/2/medium/avatar.jpg
[AWS S3 204 0.116345 0 retries] delete_object(:bucket_name=>"buckity-bucket",:key=>"avatars/2/medium/avatar.jpg")  

[paperclip] deleting avatars/2/small/avatar.jpg
[AWS S3 204 0.105032 0 retries] delete_object(:bucket_name=>"buckity-bucket",:key=>"avatars/2/small/avatar.jpg")  

[paperclip] deleting avatars/2/thumb/avatar.jpg
[AWS S3 204 0.16188 0 retries] delete_object(:bucket_name=>"buckity-bucket",:key=>"avatars/2/thumb/avatar.jpg")  

[paperclip] saving avatars/2/original/avatar.jpg
[AWS S3 200 0.68183 0 retries] put_object(:acl=>:public_read,:bucket_name=>"buckity-bucket",:content_length=>97233,:content_type=>"image/jpeg",:data=>Paperclip::UploadedFileAdapter: golbez.jpg,:key=>"avatars/2/original/avatar.jpg")  

[paperclip] saving avatars/2/medium/avatar.jpg
[AWS S3 200 0.218104 0 retries] put_object(:acl=>:public_read,:bucket_name=>"buckity-bucket",:content_length=>7296,:content_type=>"image/jpeg",:data=>Paperclip::FileAdapter: f8fc7c6c595d533204a1e9c6e976bff720150811-19866-p0jw8j,:key=>"avatars/2/medium/avatar.jpg")  

[paperclip] saving avatars/2/small/avatar.jpg
[AWS S3 200 0.25513 0 retries] put_object(:acl=>:public_read,:bucket_name=>"buckity-bucket",:content_length=>2609,:content_type=>"image/jpeg",:data=>Paperclip::FileAdapter: f8fc7c6c595d533204a1e9c6e976bff720150811-19866-1mcje0d,:key=>"avatars/2/small/avatar.jpg")  

[paperclip] saving avatars/2/thumb/avatar.jpg
[AWS S3 200 0.258781 0 retries] put_object(:acl=>:public_read,:bucket_name=>"buckity-bucket",:content_length=>1136,:content_type=>"image/jpeg",:data=>Paperclip::FileAdapter: f8fc7c6c595d533204a1e9c6e976bff720150811-19866-zhz5sa,:key=>"avatars/2/thumb/avatar.jpg")  

  [1m[35m (1.0ms)[0m  COMMIT
Redirected to http://localhost:3000/villains/2
Completed 302 Found in 3228ms (ActiveRecord: 2.8ms)


Started GET "/villains/2" for ::1 at 2015-08-11 21:23:21 -0700
Processing by VillainsController#show as HTML
  Parameters: {"id"=>"2"}
  [1m[36mVillain Load (0.3ms)[0m  [1mSELECT  "villains".* FROM "villains" WHERE "villains"."id" = $1 LIMIT 1[0m  [["id", 2]]
  Rendered villains/_menu.html.erb (0.3ms)
  Rendered villains/show.html.erb within layouts/application (4.8ms)
Completed 200 OK in 72ms (Views: 70.3ms | ActiveRecord: 0.3ms)


Started DELETE "/villains/2" for ::1 at 2015-08-11 21:23:32 -0700
Processing by VillainsController#destroy as HTML
  Parameters: {"authenticity_token"=>"K+HRnt64o6I7XrH4lMfeR43XUPCsZDNpf1Sv3TtFlKLJjLUFs2WgH9WfR/ddBqWnQIljDRGFRMbcjJqMiLVFIA==", "id"=>"2"}
  [1m[35mVillain Load (0.4ms)[0m  SELECT  "villains".* FROM "villains" WHERE "villains"."id" = $1 LIMIT 1  [["id", 2]]
  [1m[36m (1.1ms)[0m  [1mBEGIN[0m
[AWS S3 200 0.420485 0 retries] head_object(:bucket_name=>"buckity-bucket",:key=>"avatars/2/original/avatar.jpg")  

[AWS S3 200 0.11386 0 retries] head_object(:bucket_name=>"buckity-bucket",:key=>"avatars/2/medium/avatar.jpg")  

[AWS S3 200 0.125913 0 retries] head_object(:bucket_name=>"buckity-bucket",:key=>"avatars/2/small/avatar.jpg")  

[AWS S3 200 0.099079 0 retries] head_object(:bucket_name=>"buckity-bucket",:key=>"avatars/2/thumb/avatar.jpg")  

  [1m[35mSQL (3.4ms)[0m  DELETE FROM "villains" WHERE "villains"."id" = $1  [["id", 2]]
  [1m[36m (1.0ms)[0m  [1mCOMMIT[0m
[paperclip] deleting avatars/2/original/avatar.jpg
[AWS S3 204 0.358428 0 retries] delete_object(:bucket_name=>"buckity-bucket",:key=>"avatars/2/original/avatar.jpg")  

[paperclip] deleting avatars/2/medium/avatar.jpg
[AWS S3 204 0.104668 0 retries] delete_object(:bucket_name=>"buckity-bucket",:key=>"avatars/2/medium/avatar.jpg")  

[paperclip] deleting avatars/2/small/avatar.jpg
[AWS S3 204 0.113591 0 retries] delete_object(:bucket_name=>"buckity-bucket",:key=>"avatars/2/small/avatar.jpg")  

[paperclip] deleting avatars/2/thumb/avatar.jpg
[AWS S3 204 0.127246 0 retries] delete_object(:bucket_name=>"buckity-bucket",:key=>"avatars/2/thumb/avatar.jpg")  

Redirected to http://localhost:3000/villains
Completed 302 Found in 1498ms (ActiveRecord: 5.9ms)


Started GET "/villains" for ::1 at 2015-08-11 21:23:34 -0700
Processing by VillainsController#index as HTML
  Rendered villains/_menu.html.erb (0.2ms)
  [1m[35mVillain Load (2.2ms)[0m  SELECT "villains".* FROM "villains"
  Rendered villains/index.html.erb within layouts/application (4.6ms)
Completed 200 OK in 46ms (Views: 43.1ms | ActiveRecord: 2.2ms)


Started GET "/villains/new" for ::1 at 2015-08-11 21:23:37 -0700
Processing by VillainsController#new as HTML
  Parameters: {"authenticity_token"=>"educshhkb+K92bDbYvzUa27Ft4KupSgaWMUGsdwW3MKbtvgpdblsX1MYRtSrPa+Lo5uEfxNEX7X7HTPgb+YNQA=="}
  Rendered villains/_menu.html.erb (0.3ms)
  Rendered villains/new.html.erb within layouts/application (6.9ms)
Completed 200 OK in 94ms (Views: 92.5ms | ActiveRecord: 0.0ms)


Started POST "/villains" for ::1 at 2015-08-11 21:23:58 -0700
Processing by VillainsController#create as HTML
  Parameters: {"utf8"=>"✓", "authenticity_token"=>"MMUYi1KNPcBP/AnXLPcheZs1aW8sIwHSaCOVJgZ2zOzSqHwQP1A+faE9/9jlNlqZVmtakpHCdn3L+6B3tYYdbg==", "villain"=>{"name"=>"Golbez", "description"=>"Golbez is the biggest, baddest villain from Final Fantasy IV.", "avatar"=>#<ActionDispatch::Http::UploadedFile:0x007fd942b54370 @tempfile=#<Tempfile:/var/folders/_g/lyr6_lwj6gdcd9s3jy31t9lc0000gn/T/RackMultipart20150811-19866-1nz0uz9.jpg>, @original_filename="golbez.jpg", @content_type="image/jpeg", @headers="Content-Disposition: form-data; name=\"villain[avatar]\"; filename=\"golbez.jpg\"\r\nContent-Type: image/jpeg\r\n">}, "commit"=>"Save Villain"}
Command :: file -b --mime '/var/folders/_g/lyr6_lwj6gdcd9s3jy31t9lc0000gn/T/c325d15fb4c5299e6858449c72f6e31120150811-19866-175y2f9.jpg'
Command :: identify -format '%wx%h,%[exif:orientation]' '/var/folders/_g/lyr6_lwj6gdcd9s3jy31t9lc0000gn/T/c325d15fb4c5299e6858449c72f6e31120150811-19866-127ck7c.jpg[0]' 2>/dev/null
Command :: identify -format %m '/var/folders/_g/lyr6_lwj6gdcd9s3jy31t9lc0000gn/T/c325d15fb4c5299e6858449c72f6e31120150811-19866-127ck7c.jpg[0]'
Command :: convert '/var/folders/_g/lyr6_lwj6gdcd9s3jy31t9lc0000gn/T/c325d15fb4c5299e6858449c72f6e31120150811-19866-127ck7c.jpg[0]' -auto-orient -resize "200x200>" '/var/folders/_g/lyr6_lwj6gdcd9s3jy31t9lc0000gn/T/137f45a191b204c1033d2f6271a9344d20150811-19866-yyirin'
Command :: identify -format '%wx%h,%[exif:orientation]' '/var/folders/_g/lyr6_lwj6gdcd9s3jy31t9lc0000gn/T/c325d15fb4c5299e6858449c72f6e31120150811-19866-127ck7c.jpg[0]' 2>/dev/null
Command :: identify -format %m '/var/folders/_g/lyr6_lwj6gdcd9s3jy31t9lc0000gn/T/c325d15fb4c5299e6858449c72f6e31120150811-19866-127ck7c.jpg[0]'
Command :: convert '/var/folders/_g/lyr6_lwj6gdcd9s3jy31t9lc0000gn/T/c325d15fb4c5299e6858449c72f6e31120150811-19866-127ck7c.jpg[0]' -auto-orient -resize "100x100>" '/var/folders/_g/lyr6_lwj6gdcd9s3jy31t9lc0000gn/T/137f45a191b204c1033d2f6271a9344d20150811-19866-xjy65j'
Command :: identify -format '%wx%h,%[exif:orientation]' '/var/folders/_g/lyr6_lwj6gdcd9s3jy31t9lc0000gn/T/c325d15fb4c5299e6858449c72f6e31120150811-19866-127ck7c.jpg[0]' 2>/dev/null
Command :: identify -format %m '/var/folders/_g/lyr6_lwj6gdcd9s3jy31t9lc0000gn/T/c325d15fb4c5299e6858449c72f6e31120150811-19866-127ck7c.jpg[0]'
Command :: convert '/var/folders/_g/lyr6_lwj6gdcd9s3jy31t9lc0000gn/T/c325d15fb4c5299e6858449c72f6e31120150811-19866-127ck7c.jpg[0]' -auto-orient -resize "44x" -crop "44x44+0+11" +repage '/var/folders/_g/lyr6_lwj6gdcd9s3jy31t9lc0000gn/T/137f45a191b204c1033d2f6271a9344d20150811-19866-1xtwoys'
  [1m[36m (0.2ms)[0m  [1mBEGIN[0m
Command :: file -b --mime '/var/folders/_g/lyr6_lwj6gdcd9s3jy31t9lc0000gn/T/c325d15fb4c5299e6858449c72f6e31120150811-19866-1ksbiwa.jpg'
Command :: file -b --mime '/var/folders/_g/lyr6_lwj6gdcd9s3jy31t9lc0000gn/T/c325d15fb4c5299e6858449c72f6e31120150811-19866-186ygtd.jpg'
  [1m[35mSQL (6.7ms)[0m  INSERT INTO "villains" ("name", "description", "avatar_file_name", "avatar_content_type", "avatar_file_size", "avatar_updated_at", "created_at", "updated_at") VALUES ($1, $2, $3, $4, $5, $6, $7, $8) RETURNING "id"  [["name", "Golbez"], ["description", "Golbez is the biggest, baddest villain from Final Fantasy IV."], ["avatar_file_name", "golbez.jpg"], ["avatar_content_type", "image/jpeg"], ["avatar_file_size", 97233], ["avatar_updated_at", "2015-08-12 04:23:58.839232"], ["created_at", "2015-08-12 04:23:59.338357"], ["updated_at", "2015-08-12 04:23:59.338357"]]
[paperclip] saving avatars/3/original/avatar.jpg
[AWS S3 200 1.029221 0 retries] put_object(:acl=>:public_read,:bucket_name=>"buckity-bucket",:content_length=>97233,:content_type=>"image/jpeg",:data=>Paperclip::UploadedFileAdapter: golbez.jpg,:key=>"avatars/3/original/avatar.jpg")  

[paperclip] saving avatars/3/medium/avatar.jpg
[AWS S3 200 0.210872 0 retries] put_object(:acl=>:public_read,:bucket_name=>"buckity-bucket",:content_length=>7296,:content_type=>"image/jpeg",:data=>Paperclip::FileAdapter: 137f45a191b204c1033d2f6271a9344d20150811-19866-yyirin,:key=>"avatars/3/medium/avatar.jpg")  

[paperclip] saving avatars/3/small/avatar.jpg
[AWS S3 200 0.210448 0 retries] put_object(:acl=>:public_read,:bucket_name=>"buckity-bucket",:content_length=>2609,:content_type=>"image/jpeg",:data=>Paperclip::FileAdapter: 137f45a191b204c1033d2f6271a9344d20150811-19866-xjy65j,:key=>"avatars/3/small/avatar.jpg")  

[paperclip] saving avatars/3/thumb/avatar.jpg
[AWS S3 200 0.236087 0 retries] put_object(:acl=>:public_read,:bucket_name=>"buckity-bucket",:content_length=>1136,:content_type=>"image/jpeg",:data=>Paperclip::FileAdapter: 137f45a191b204c1033d2f6271a9344d20150811-19866-1xtwoys,:key=>"avatars/3/thumb/avatar.jpg")  

  [1m[36m (0.6ms)[0m  [1mCOMMIT[0m
Redirected to http://localhost:3000/villains/3
Completed 302 Found in 2217ms (ActiveRecord: 7.5ms)


Started GET "/villains/3" for ::1 at 2015-08-11 21:24:01 -0700
Processing by VillainsController#show as HTML
  Parameters: {"id"=>"3"}
  [1m[35mVillain Load (0.2ms)[0m  SELECT  "villains".* FROM "villains" WHERE "villains"."id" = $1 LIMIT 1  [["id", 3]]
  Rendered villains/_menu.html.erb (0.2ms)
  Rendered villains/show.html.erb within layouts/application (3.7ms)
Completed 200 OK in 57ms (Views: 55.2ms | ActiveRecord: 0.2ms)


Started GET "/villains/new" for ::1 at 2015-08-11 21:24:29 -0700
Processing by VillainsController#new as HTML
  Parameters: {"authenticity_token"=>"wnNw3OtBXRnb4giX1wEz+YVqcveLGuv44iFm7y/ELUsgHhRHhpxepDUj/pgewEgZSDRBCjb7nFdB+VO+nDT8yQ=="}
  Rendered villains/_menu.html.erb (0.7ms)
  Rendered villains/new.html.erb within layouts/application (8.6ms)
Completed 200 OK in 115ms (Views: 62.8ms | ActiveRecord: 31.2ms)


Started GET "/villains/new" for ::1 at 2015-08-11 21:25:13 -0700
Processing by VillainsController#new as HTML
  Rendered villains/_menu.html.erb (0.3ms)
  Rendered villains/new.html.erb within layouts/application (3.3ms)
Completed 200 OK in 47ms (Views: 46.0ms | ActiveRecord: 0.0ms)


Started GET "/assets/jquery_ujs.self-ca5248a2fad13d6bd58ea121318d642f195f0b2dd818b30615f785ff365e8d1f.js?body=1" for ::1 at 2015-08-11 21:25:13 -0700


Started GET "/assets/application.self-e80e8f2318043e8af94dddc2adad5a4f09739a8ebb323b3ab31cd71d45fd9113.css?body=1" for ::1 at 2015-08-11 21:25:13 -0700


Started GET "/assets/villains.self-e83c34f3d3212508242ddf575b6913050f77fc1f952408530d3eed548a6c5fe9.css?body=1" for ::1 at 2015-08-11 21:25:13 -0700


Started GET "/assets/villains.self-877aef30ae1b040ab8a3aba4e3e309a11d7f2612f44dde450b5c157aa5f95c05.js?body=1" for ::1 at 2015-08-11 21:25:13 -0700


Started GET "/assets/turbolinks.self-c37727e9bd6b2735da5c311aa83fead54ed0be6cc8bd9a65309e9c5abe2cbfff.js?body=1" for ::1 at 2015-08-11 21:25:13 -0700


Started GET "/assets/jquery.self-d03a5518f45df77341bdbe6201ba3bfa547ebba8ed64f0ea56bfa5f96ea7c074.js?body=1" for ::1 at 2015-08-11 21:25:13 -0700


Started GET "/assets/application.self-3b8dabdc891efe46b9a144b400ad69e37d7e5876bdc39dee783419a69d7ca819.js?body=1" for ::1 at 2015-08-11 21:25:13 -0700


Started POST "/villains" for ::1 at 2015-08-11 21:25:30 -0700
Processing by VillainsController#create as HTML
  Parameters: {"utf8"=>"✓", "authenticity_token"=>"ZpJUIZMhto2ogcCCjytEzgmiF7cMIIEDeL1kh5Uey52E/zC6/vy1MEZANo1G6j8uxPwkSrHB9qzbZVHWJu4aHw==", "villain"=>{"name"=>"Golbez", "description"=>"The biggest, baddest video game villain from Final Fantasy IV.", "avatar"=>#<ActionDispatch::Http::UploadedFile:0x007fd9481e9c08 @tempfile=#<Tempfile:/var/folders/_g/lyr6_lwj6gdcd9s3jy31t9lc0000gn/T/RackMultipart20150811-19866-15qwl0t.jpg>, @original_filename="golbez.jpg", @content_type="image/jpeg", @headers="Content-Disposition: form-data; name=\"villain[avatar]\"; filename=\"golbez.jpg\"\r\nContent-Type: image/jpeg\r\n">}, "commit"=>"Save Villain"}
Command :: file -b --mime '/var/folders/_g/lyr6_lwj6gdcd9s3jy31t9lc0000gn/T/c325d15fb4c5299e6858449c72f6e31120150811-19866-4ku35y.jpg'
Command :: identify -format '%wx%h,%[exif:orientation]' '/var/folders/_g/lyr6_lwj6gdcd9s3jy31t9lc0000gn/T/c325d15fb4c5299e6858449c72f6e31120150811-19866-10h3rxi.jpg[0]' 2>/dev/null
Command :: identify -format %m '/var/folders/_g/lyr6_lwj6gdcd9s3jy31t9lc0000gn/T/c325d15fb4c5299e6858449c72f6e31120150811-19866-10h3rxi.jpg[0]'
Command :: convert '/var/folders/_g/lyr6_lwj6gdcd9s3jy31t9lc0000gn/T/c325d15fb4c5299e6858449c72f6e31120150811-19866-10h3rxi.jpg[0]' -auto-orient -resize "200x200>" '/var/folders/_g/lyr6_lwj6gdcd9s3jy31t9lc0000gn/T/cac8eccc83010e05c62ea9bc94fa9f6a20150811-19866-ge5f3y'
Command :: identify -format '%wx%h,%[exif:orientation]' '/var/folders/_g/lyr6_lwj6gdcd9s3jy31t9lc0000gn/T/c325d15fb4c5299e6858449c72f6e31120150811-19866-10h3rxi.jpg[0]' 2>/dev/null
Command :: identify -format %m '/var/folders/_g/lyr6_lwj6gdcd9s3jy31t9lc0000gn/T/c325d15fb4c5299e6858449c72f6e31120150811-19866-10h3rxi.jpg[0]'
Command :: convert '/var/folders/_g/lyr6_lwj6gdcd9s3jy31t9lc0000gn/T/c325d15fb4c5299e6858449c72f6e31120150811-19866-10h3rxi.jpg[0]' -auto-orient -resize "100x100>" '/var/folders/_g/lyr6_lwj6gdcd9s3jy31t9lc0000gn/T/cac8eccc83010e05c62ea9bc94fa9f6a20150811-19866-1gdd6ip'
Command :: identify -format '%wx%h,%[exif:orientation]' '/var/folders/_g/lyr6_lwj6gdcd9s3jy31t9lc0000gn/T/c325d15fb4c5299e6858449c72f6e31120150811-19866-10h3rxi.jpg[0]' 2>/dev/null
Command :: identify -format %m '/var/folders/_g/lyr6_lwj6gdcd9s3jy31t9lc0000gn/T/c325d15fb4c5299e6858449c72f6e31120150811-19866-10h3rxi.jpg[0]'
Command :: convert '/var/folders/_g/lyr6_lwj6gdcd9s3jy31t9lc0000gn/T/c325d15fb4c5299e6858449c72f6e31120150811-19866-10h3rxi.jpg[0]' -auto-orient -resize "44x" -crop "44x44+0+11" +repage '/var/folders/_g/lyr6_lwj6gdcd9s3jy31t9lc0000gn/T/cac8eccc83010e05c62ea9bc94fa9f6a20150811-19866-owgimq'
  [1m[36m (2.1ms)[0m  [1mBEGIN[0m
Command :: file -b --mime '/var/folders/_g/lyr6_lwj6gdcd9s3jy31t9lc0000gn/T/c325d15fb4c5299e6858449c72f6e31120150811-19866-1kg3the.jpg'
Command :: file -b --mime '/var/folders/_g/lyr6_lwj6gdcd9s3jy31t9lc0000gn/T/c325d15fb4c5299e6858449c72f6e31120150811-19866-1iw1klj.jpg'
  [1m[35mSQL (10.6ms)[0m  INSERT INTO "villains" ("name", "description", "avatar_file_name", "avatar_content_type", "avatar_file_size", "avatar_updated_at", "created_at", "updated_at") VALUES ($1, $2, $3, $4, $5, $6, $7, $8) RETURNING "id"  [["name", "Golbez"], ["description", "The biggest, baddest video game villain from Final Fantasy IV."], ["avatar_file_name", "golbez.jpg"], ["avatar_content_type", "image/jpeg"], ["avatar_file_size", 97233], ["avatar_updated_at", "2015-08-12 04:25:30.278673"], ["created_at", "2015-08-12 04:25:30.792256"], ["updated_at", "2015-08-12 04:25:30.792256"]]
[paperclip] saving avatars/4/original/avatar.jpg
[AWS S3 404 0.473627 0 retries] put_object(:acl=>:public_read,:bucket_name=>"buckity-bucket",:content_length=>97233,:content_type=>"image/jpeg",:data=>Paperclip::UploadedFileAdapter: golbez.jpg,:key=>"avatars/4/original/avatar.jpg") AWS::S3::Errors::NoSuchBucket The specified bucket does not exist

[AWS S3 200 0.50167 0 retries] create_bucket(:bucket_name=>"buckity-bucket")  

[paperclip] saving avatars/4/original/avatar.jpg
[AWS S3 200 0.699152 0 retries] put_object(:acl=>:public_read,:bucket_name=>"buckity-bucket",:content_length=>97233,:content_type=>"image/jpeg",:data=>Paperclip::UploadedFileAdapter: golbez.jpg,:key=>"avatars/4/original/avatar.jpg")  

[paperclip] saving avatars/4/medium/avatar.jpg
[AWS S3 200 0.249081 0 retries] put_object(:acl=>:public_read,:bucket_name=>"buckity-bucket",:content_length=>7296,:content_type=>"image/jpeg",:data=>Paperclip::FileAdapter: cac8eccc83010e05c62ea9bc94fa9f6a20150811-19866-ge5f3y,:key=>"avatars/4/medium/avatar.jpg")  

[paperclip] saving avatars/4/small/avatar.jpg
[AWS S3 200 0.206099 0 retries] put_object(:acl=>:public_read,:bucket_name=>"buckity-bucket",:content_length=>2609,:content_type=>"image/jpeg",:data=>Paperclip::FileAdapter: cac8eccc83010e05c62ea9bc94fa9f6a20150811-19866-1gdd6ip,:key=>"avatars/4/small/avatar.jpg")  

[paperclip] saving avatars/4/thumb/avatar.jpg
[AWS S3 200 0.229117 0 retries] put_object(:acl=>:public_read,:bucket_name=>"buckity-bucket",:content_length=>1136,:content_type=>"image/jpeg",:data=>Paperclip::FileAdapter: cac8eccc83010e05c62ea9bc94fa9f6a20150811-19866-owgimq,:key=>"avatars/4/thumb/avatar.jpg")  

  [1m[36m (1.7ms)[0m  [1mCOMMIT[0m
Redirected to http://localhost:3000/villains/4
Completed 302 Found in 2920ms (ActiveRecord: 14.4ms)


Started GET "/villains/4" for ::1 at 2015-08-11 21:25:33 -0700
Processing by VillainsController#show as HTML
  Parameters: {"id"=>"4"}
  [1m[35mVillain Load (2.1ms)[0m  SELECT  "villains".* FROM "villains" WHERE "villains"."id" = $1 LIMIT 1  [["id", 4]]
  Rendered villains/_menu.html.erb (0.5ms)
  Rendered villains/show.html.erb within layouts/application (5.1ms)
Completed 200 OK in 61ms (Views: 56.2ms | ActiveRecord: 2.1ms)


Started GET "/villains/4" for ::1 at 2015-08-11 21:27:11 -0700
Processing by VillainsController#show as HTML
  Parameters: {"id"=>"4"}
  [1m[36mVillain Load (1.8ms)[0m  [1mSELECT  "villains".* FROM "villains" WHERE "villains"."id" = $1 LIMIT 1[0m  [["id", 4]]
  Rendered villains/_menu.html.erb (0.4ms)
  Rendered villains/show.html.erb within layouts/application (7.1ms)
Completed 200 OK in 226ms (Views: 104.6ms | ActiveRecord: 42.8ms)


Started GET "/assets/villains.self-e83c34f3d3212508242ddf575b6913050f77fc1f952408530d3eed548a6c5fe9.css?body=1" for ::1 at 2015-08-11 21:27:12 -0700


Started GET "/assets/application.self-e80e8f2318043e8af94dddc2adad5a4f09739a8ebb323b3ab31cd71d45fd9113.css?body=1" for ::1 at 2015-08-11 21:27:12 -0700


Started GET "/assets/villains.self-877aef30ae1b040ab8a3aba4e3e309a11d7f2612f44dde450b5c157aa5f95c05.js?body=1" for ::1 at 2015-08-11 21:27:12 -0700


Started GET "/assets/turbolinks.self-c37727e9bd6b2735da5c311aa83fead54ed0be6cc8bd9a65309e9c5abe2cbfff.js?body=1" for ::1 at 2015-08-11 21:27:12 -0700


Started GET "/assets/jquery.self-d03a5518f45df77341bdbe6201ba3bfa547ebba8ed64f0ea56bfa5f96ea7c074.js?body=1" for ::1 at 2015-08-11 21:27:12 -0700


Started GET "/assets/jquery_ujs.self-ca5248a2fad13d6bd58ea121318d642f195f0b2dd818b30615f785ff365e8d1f.js?body=1" for ::1 at 2015-08-11 21:27:12 -0700


Started GET "/assets/application.self-3b8dabdc891efe46b9a144b400ad69e37d7e5876bdc39dee783419a69d7ca819.js?body=1" for ::1 at 2015-08-11 21:27:12 -0700


Started GET "/villains/4" for ::1 at 2015-08-11 21:27:40 -0700
  [1m[36mActiveRecord::SchemaMigration Load (3.4ms)[0m  [1mSELECT "schema_migrations".* FROM "schema_migrations"[0m
Processing by VillainsController#show as HTML
  Parameters: {"id"=>"4"}
  [1m[35mVillain Load (1.7ms)[0m  SELECT  "villains".* FROM "villains" WHERE "villains"."id" = $1 LIMIT 1  [["id", 4]]
  Rendered villains/_menu.html.erb (0.8ms)
  Rendered villains/show.html.erb within layouts/application (38.9ms)
Completed 200 OK in 711ms (Views: 627.3ms | ActiveRecord: 13.7ms)


Started DELETE "/villains/4" for ::1 at 2015-08-11 21:27:44 -0700
Processing by VillainsController#destroy as HTML
  Parameters: {"authenticity_token"=>"Dv66dDOeDp6uP3yJpcN/gvzGAI7x5sMK+a1dRu4D7+nsk97vXkMNI0D+ioZsAgRiMZgzc0wHtKVadWgXXfM+aw==", "id"=>"4"}
  [1m[36mVillain Load (1.3ms)[0m  [1mSELECT  "villains".* FROM "villains" WHERE "villains"."id" = $1 LIMIT 1[0m  [["id", 4]]
  [1m[35m (1.0ms)[0m  BEGIN
[AWS S3 404 0.904857 1 retries] head_object(:bucket_name=>"video-game-villains",:key=>"avatars/4/original/avatar.jpg") AWS::S3::Errors::NoSuchKey No Such Key

[AWS S3 404 0.096769 0 retries] head_object(:bucket_name=>"video-game-villains",:key=>"avatars/4/medium/avatar.jpg") AWS::S3::Errors::NoSuchKey No Such Key

[AWS S3 404 0.101894 0 retries] head_object(:bucket_name=>"video-game-villains",:key=>"avatars/4/small/avatar.jpg") AWS::S3::Errors::NoSuchKey No Such Key

[AWS S3 404 0.22117 0 retries] head_object(:bucket_name=>"video-game-villains",:key=>"avatars/4/thumb/avatar.jpg") AWS::S3::Errors::NoSuchKey No Such Key

  [1m[36mSQL (4.0ms)[0m  [1mDELETE FROM "villains" WHERE "villains"."id" = $1[0m  [["id", 4]]
  [1m[35m (2.8ms)[0m  COMMIT
Redirected to http://localhost:3000/villains
Completed 302 Found in 2137ms (ActiveRecord: 9.1ms)


Started GET "/villains" for ::1 at 2015-08-11 21:27:46 -0700
Processing by VillainsController#index as HTML
  Rendered villains/_menu.html.erb (0.2ms)
  [1m[36mVillain Load (0.8ms)[0m  [1mSELECT "villains".* FROM "villains"[0m
  Rendered villains/index.html.erb within layouts/application (5.4ms)
Completed 200 OK in 36ms (Views: 34.1ms | ActiveRecord: 0.8ms)


Started DELETE "/villains/3" for ::1 at 2015-08-11 21:27:48 -0700
Processing by VillainsController#destroy as HTML
  Parameters: {"authenticity_token"=>"JVe3Vtdw0K9RA/sJ+nOqA+zZfW6UVeJaw+6iq8T6QZvHOtPNuq3TEr/CDQYzstHjIYdOkym0lfVgNpf6dwqQGQ==", "id"=>"3"}
  [1m[35mVillain Load (1.4ms)[0m  SELECT  "villains".* FROM "villains" WHERE "villains"."id" = $1 LIMIT 1  [["id", 3]]
  [1m[36m (0.1ms)[0m  [1mBEGIN[0m
[AWS S3 404 0.106615 0 retries] head_object(:bucket_name=>"video-game-villains",:key=>"avatars/3/original/avatar.jpg") AWS::S3::Errors::NoSuchKey No Such Key

[AWS S3 404 0.097093 0 retries] head_object(:bucket_name=>"video-game-villains",:key=>"avatars/3/medium/avatar.jpg") AWS::S3::Errors::NoSuchKey No Such Key

[AWS S3 404 0.099659 0 retries] head_object(:bucket_name=>"video-game-villains",:key=>"avatars/3/small/avatar.jpg") AWS::S3::Errors::NoSuchKey No Such Key

[AWS S3 404 0.10206 0 retries] head_object(:bucket_name=>"video-game-villains",:key=>"avatars/3/thumb/avatar.jpg") AWS::S3::Errors::NoSuchKey No Such Key

  [1m[35mSQL (0.5ms)[0m  DELETE FROM "villains" WHERE "villains"."id" = $1  [["id", 3]]
  [1m[36m (1.2ms)[0m  [1mCOMMIT[0m
Redirected to http://localhost:3000/villains
Completed 302 Found in 426ms (ActiveRecord: 3.2ms)


Started GET "/villains" for ::1 at 2015-08-11 21:27:48 -0700
Processing by VillainsController#index as HTML
  Rendered villains/_menu.html.erb (0.1ms)
  [1m[35mVillain Load (0.4ms)[0m  SELECT "villains".* FROM "villains"
  Rendered villains/index.html.erb within layouts/application (2.3ms)
Completed 200 OK in 55ms (Views: 54.3ms | ActiveRecord: 0.4ms)


Started GET "/villains/new" for ::1 at 2015-08-11 21:27:52 -0700
Processing by VillainsController#new as HTML
  Parameters: {"authenticity_token"=>"PLlDovBNoviTWI2JecMjs6EeP0LTUPpiQ4n7CZuW6Xje1Cc5nZChRX2Ze4awAlhTbEAMv26xjc3gUc5YKGY4+g=="}
  Rendered villains/_menu.html.erb (0.1ms)
  Rendered villains/new.html.erb within layouts/application (52.4ms)
Completed 200 OK in 91ms (Views: 90.3ms | ActiveRecord: 0.0ms)


Started POST "/villains" for ::1 at 2015-08-11 21:28:09 -0700
Processing by VillainsController#create as HTML
  Parameters: {"utf8"=>"✓", "authenticity_token"=>"cno5wIDDw/mFwmTa+/E2b+QRLWljPLVUf5xdkLQXSZqQF11b7R7ARGsDktUyME2PKU8elN7dwvvcRGjBB+eYGA==", "villain"=>{"name"=>"Kefka", "description"=>"The biggest, baddest villain from Final Fantasy VI.", "avatar"=>#<ActionDispatch::Http::UploadedFile:0x007fc230696a28 @tempfile=#<Tempfile:/var/folders/_g/lyr6_lwj6gdcd9s3jy31t9lc0000gn/T/RackMultipart20150811-20052-i8z1k7.png>, @original_filename="kefka.png", @content_type="image/png", @headers="Content-Disposition: form-data; name=\"villain[avatar]\"; filename=\"kefka.png\"\r\nContent-Type: image/png\r\n">}, "commit"=>"Save Villain"}
Command :: file -b --mime '/var/folders/_g/lyr6_lwj6gdcd9s3jy31t9lc0000gn/T/f9f3b09e37aed3a60756cffd47358e4f20150811-20052-dg7cu4.png'
Command :: identify -format '%wx%h,%[exif:orientation]' '/var/folders/_g/lyr6_lwj6gdcd9s3jy31t9lc0000gn/T/f9f3b09e37aed3a60756cffd47358e4f20150811-20052-10pqoo.png[0]' 2>/dev/null
Command :: identify -format %m '/var/folders/_g/lyr6_lwj6gdcd9s3jy31t9lc0000gn/T/f9f3b09e37aed3a60756cffd47358e4f20150811-20052-10pqoo.png[0]'
Command :: convert '/var/folders/_g/lyr6_lwj6gdcd9s3jy31t9lc0000gn/T/f9f3b09e37aed3a60756cffd47358e4f20150811-20052-10pqoo.png[0]' -auto-orient -resize "200x200>" '/var/folders/_g/lyr6_lwj6gdcd9s3jy31t9lc0000gn/T/4923a5b27d3a719ebd6255407eac26a320150811-20052-11ygbph'
Command :: identify -format '%wx%h,%[exif:orientation]' '/var/folders/_g/lyr6_lwj6gdcd9s3jy31t9lc0000gn/T/f9f3b09e37aed3a60756cffd47358e4f20150811-20052-10pqoo.png[0]' 2>/dev/null
Command :: identify -format %m '/var/folders/_g/lyr6_lwj6gdcd9s3jy31t9lc0000gn/T/f9f3b09e37aed3a60756cffd47358e4f20150811-20052-10pqoo.png[0]'
Command :: convert '/var/folders/_g/lyr6_lwj6gdcd9s3jy31t9lc0000gn/T/f9f3b09e37aed3a60756cffd47358e4f20150811-20052-10pqoo.png[0]' -auto-orient -resize "100x100>" '/var/folders/_g/lyr6_lwj6gdcd9s3jy31t9lc0000gn/T/4923a5b27d3a719ebd6255407eac26a320150811-20052-1j1sjr4'
Command :: identify -format '%wx%h,%[exif:orientation]' '/var/folders/_g/lyr6_lwj6gdcd9s3jy31t9lc0000gn/T/f9f3b09e37aed3a60756cffd47358e4f20150811-20052-10pqoo.png[0]' 2>/dev/null
Command :: identify -format %m '/var/folders/_g/lyr6_lwj6gdcd9s3jy31t9lc0000gn/T/f9f3b09e37aed3a60756cffd47358e4f20150811-20052-10pqoo.png[0]'
Command :: convert '/var/folders/_g/lyr6_lwj6gdcd9s3jy31t9lc0000gn/T/f9f3b09e37aed3a60756cffd47358e4f20150811-20052-10pqoo.png[0]' -auto-orient -resize "44x" -crop "44x44+0+11" +repage '/var/folders/_g/lyr6_lwj6gdcd9s3jy31t9lc0000gn/T/4923a5b27d3a719ebd6255407eac26a320150811-20052-1e0y0h3'
  [1m[36m (0.2ms)[0m  [1mBEGIN[0m
Command :: file -b --mime '/var/folders/_g/lyr6_lwj6gdcd9s3jy31t9lc0000gn/T/f9f3b09e37aed3a60756cffd47358e4f20150811-20052-10hzs5n.png'
Command :: file -b --mime '/var/folders/_g/lyr6_lwj6gdcd9s3jy31t9lc0000gn/T/f9f3b09e37aed3a60756cffd47358e4f20150811-20052-1xoahh7.png'
  [1m[35mSQL (5.7ms)[0m  INSERT INTO "villains" ("name", "description", "avatar_file_name", "avatar_content_type", "avatar_file_size", "avatar_updated_at", "created_at", "updated_at") VALUES ($1, $2, $3, $4, $5, $6, $7, $8) RETURNING "id"  [["name", "Kefka"], ["description", "The biggest, baddest villain from Final Fantasy VI."], ["avatar_file_name", "kefka.png"], ["avatar_content_type", "image/png"], ["avatar_file_size", 579326], ["avatar_updated_at", "2015-08-12 04:28:09.615318"], ["created_at", "2015-08-12 04:28:10.861528"], ["updated_at", "2015-08-12 04:28:10.861528"]]
[paperclip] saving avatars/5/original/avatar.png
[AWS S3 200 1.464966 0 retries] put_object(:acl=>:public_read,:bucket_name=>"video-game-villains",:content_length=>579326,:content_type=>"image/png",:data=>Paperclip::UploadedFileAdapter: kefka.png,:key=>"avatars/5/original/avatar.png")  

[paperclip] saving avatars/5/medium/avatar.png
[AWS S3 200 0.259474 0 retries] put_object(:acl=>:public_read,:bucket_name=>"video-game-villains",:content_length=>51218,:content_type=>"image/png",:data=>Paperclip::FileAdapter: 4923a5b27d3a719ebd6255407eac26a320150811-20052-11ygbph,:key=>"avatars/5/medium/avatar.png")  

[paperclip] saving avatars/5/small/avatar.png
[AWS S3 200 0.242517 0 retries] put_object(:acl=>:public_read,:bucket_name=>"video-game-villains",:content_length=>15897,:content_type=>"image/png",:data=>Paperclip::FileAdapter: 4923a5b27d3a719ebd6255407eac26a320150811-20052-1j1sjr4,:key=>"avatars/5/small/avatar.png")  

[paperclip] saving avatars/5/thumb/avatar.png
[AWS S3 200 0.219493 0 retries] put_object(:acl=>:public_read,:bucket_name=>"video-game-villains",:content_length=>6070,:content_type=>"image/png",:data=>Paperclip::FileAdapter: 4923a5b27d3a719ebd6255407eac26a320150811-20052-1e0y0h3,:key=>"avatars/5/thumb/avatar.png")  

  [1m[36m (0.6ms)[0m  [1mCOMMIT[0m
Redirected to http://localhost:3000/villains/5
Completed 302 Found in 3473ms (ActiveRecord: 6.5ms)


Started GET "/villains/5" for ::1 at 2015-08-11 21:28:13 -0700
Processing by VillainsController#show as HTML
  Parameters: {"id"=>"5"}
  [1m[35mVillain Load (0.4ms)[0m  SELECT  "villains".* FROM "villains" WHERE "villains"."id" = $1 LIMIT 1  [["id", 5]]
  Rendered villains/_menu.html.erb (0.3ms)
  Rendered villains/show.html.erb within layouts/application (4.6ms)
Completed 200 OK in 45ms (Views: 43.3ms | ActiveRecord: 0.4ms)


Started GET "/" for ::1 at 2015-08-11 21:28:23 -0700
Processing by VillainsController#index as HTML
  Rendered villains/_menu.html.erb (1.0ms)
  [1m[36mVillain Load (0.8ms)[0m  [1mSELECT "villains".* FROM "villains"[0m
  Rendered villains/index.html.erb within layouts/application (8.3ms)
Completed 200 OK in 49ms (Views: 47.7ms | ActiveRecord: 0.8ms)


Started GET "/villains/new" for ::1 at 2015-08-11 21:28:28 -0700
Processing by VillainsController#new as HTML
  Parameters: {"authenticity_token"=>"taPHLTXY13a6HXTyWeXD/HESfWx3koJjLnXoA29OGMJXzqO2WAXUy1Tcgv2QJLgcvExOkcpz9cyNrd1S3L7JQA=="}
  Rendered villains/_menu.html.erb (0.1ms)
  Rendered villains/new.html.erb within layouts/application (2.2ms)
Completed 200 OK in 35ms (Views: 34.1ms | ActiveRecord: 0.0ms)


Started POST "/villains" for ::1 at 2015-08-11 21:29:03 -0700
Processing by VillainsController#create as HTML
  Parameters: {"utf8"=>"✓", "authenticity_token"=>"dc9pCTkTAzGRn/2AD6OT4qrQjvDYZGiMMm1a/E/dnV+Xog2SVM4AjH9eC4/GYugCZ469DWWFHyORtW+t/C1M3Q==", "villain"=>{"name"=>"Golbez", "description"=>"The baddest, meanest villain from Final Fantasy IV. Kidnapping Rosa and brainwashing Kain were cold moves, yo.", "avatar"=>#<ActionDispatch::Http::UploadedFile:0x007fc22fc80e58 @tempfile=#<Tempfile:/var/folders/_g/lyr6_lwj6gdcd9s3jy31t9lc0000gn/T/RackMultipart20150811-20052-153jlfw.jpg>, @original_filename="golbez.jpg", @content_type="image/jpeg", @headers="Content-Disposition: form-data; name=\"villain[avatar]\"; filename=\"golbez.jpg\"\r\nContent-Type: image/jpeg\r\n">}, "commit"=>"Save Villain"}
Command :: file -b --mime '/var/folders/_g/lyr6_lwj6gdcd9s3jy31t9lc0000gn/T/c325d15fb4c5299e6858449c72f6e31120150811-20052-1wcpe75.jpg'
Command :: identify -format '%wx%h,%[exif:orientation]' '/var/folders/_g/lyr6_lwj6gdcd9s3jy31t9lc0000gn/T/c325d15fb4c5299e6858449c72f6e31120150811-20052-mqjpwo.jpg[0]' 2>/dev/null
Command :: identify -format %m '/var/folders/_g/lyr6_lwj6gdcd9s3jy31t9lc0000gn/T/c325d15fb4c5299e6858449c72f6e31120150811-20052-mqjpwo.jpg[0]'
Command :: convert '/var/folders/_g/lyr6_lwj6gdcd9s3jy31t9lc0000gn/T/c325d15fb4c5299e6858449c72f6e31120150811-20052-mqjpwo.jpg[0]' -auto-orient -resize "200x200>" '/var/folders/_g/lyr6_lwj6gdcd9s3jy31t9lc0000gn/T/4312338698227223bcdef424617a129a20150811-20052-1xva2rd'
Command :: identify -format '%wx%h,%[exif:orientation]' '/var/folders/_g/lyr6_lwj6gdcd9s3jy31t9lc0000gn/T/c325d15fb4c5299e6858449c72f6e31120150811-20052-mqjpwo.jpg[0]' 2>/dev/null
Command :: identify -format %m '/var/folders/_g/lyr6_lwj6gdcd9s3jy31t9lc0000gn/T/c325d15fb4c5299e6858449c72f6e31120150811-20052-mqjpwo.jpg[0]'
Command :: convert '/var/folders/_g/lyr6_lwj6gdcd9s3jy31t9lc0000gn/T/c325d15fb4c5299e6858449c72f6e31120150811-20052-mqjpwo.jpg[0]' -auto-orient -resize "100x100>" '/var/folders/_g/lyr6_lwj6gdcd9s3jy31t9lc0000gn/T/4312338698227223bcdef424617a129a20150811-20052-qblkzx'
Command :: identify -format '%wx%h,%[exif:orientation]' '/var/folders/_g/lyr6_lwj6gdcd9s3jy31t9lc0000gn/T/c325d15fb4c5299e6858449c72f6e31120150811-20052-mqjpwo.jpg[0]' 2>/dev/null
Command :: identify -format %m '/var/folders/_g/lyr6_lwj6gdcd9s3jy31t9lc0000gn/T/c325d15fb4c5299e6858449c72f6e31120150811-20052-mqjpwo.jpg[0]'
Command :: convert '/var/folders/_g/lyr6_lwj6gdcd9s3jy31t9lc0000gn/T/c325d15fb4c5299e6858449c72f6e31120150811-20052-mqjpwo.jpg[0]' -auto-orient -resize "44x" -crop "44x44+0+11" +repage '/var/folders/_g/lyr6_lwj6gdcd9s3jy31t9lc0000gn/T/4312338698227223bcdef424617a129a20150811-20052-156rl0f'
  [1m[35m (0.2ms)[0m  BEGIN
Command :: file -b --mime '/var/folders/_g/lyr6_lwj6gdcd9s3jy31t9lc0000gn/T/c325d15fb4c5299e6858449c72f6e31120150811-20052-pxfa6x.jpg'
Command :: file -b --mime '/var/folders/_g/lyr6_lwj6gdcd9s3jy31t9lc0000gn/T/c325d15fb4c5299e6858449c72f6e31120150811-20052-165kd34.jpg'
  [1m[36mSQL (0.5ms)[0m  [1mINSERT INTO "villains" ("name", "description", "avatar_file_name", "avatar_content_type", "avatar_file_size", "avatar_updated_at", "created_at", "updated_at") VALUES ($1, $2, $3, $4, $5, $6, $7, $8) RETURNING "id"[0m  [["name", "Golbez"], ["description", "The baddest, meanest villain from Final Fantasy IV. Kidnapping Rosa and brainwashing Kain were cold moves, yo."], ["avatar_file_name", "golbez.jpg"], ["avatar_content_type", "image/jpeg"], ["avatar_file_size", 97233], ["avatar_updated_at", "2015-08-12 04:29:03.690241"], ["created_at", "2015-08-12 04:29:04.210021"], ["updated_at", "2015-08-12 04:29:04.210021"]]
[paperclip] saving avatars/6/original/avatar.jpg
[AWS S3 200 0.93195 0 retries] put_object(:acl=>:public_read,:bucket_name=>"video-game-villains",:content_length=>97233,:content_type=>"image/jpeg",:data=>Paperclip::UploadedFileAdapter: golbez.jpg,:key=>"avatars/6/original/avatar.jpg")  

[paperclip] saving avatars/6/medium/avatar.jpg
[AWS S3 200 0.237164 0 retries] put_object(:acl=>:public_read,:bucket_name=>"video-game-villains",:content_length=>7296,:content_type=>"image/jpeg",:data=>Paperclip::FileAdapter: 4312338698227223bcdef424617a129a20150811-20052-1xva2rd,:key=>"avatars/6/medium/avatar.jpg")  

[paperclip] saving avatars/6/small/avatar.jpg
[AWS S3 200 0.232827 0 retries] put_object(:acl=>:public_read,:bucket_name=>"video-game-villains",:content_length=>2609,:content_type=>"image/jpeg",:data=>Paperclip::FileAdapter: 4312338698227223bcdef424617a129a20150811-20052-qblkzx,:key=>"avatars/6/small/avatar.jpg")  

[paperclip] saving avatars/6/thumb/avatar.jpg
[AWS S3 200 0.202248 0 retries] put_object(:acl=>:public_read,:bucket_name=>"video-game-villains",:content_length=>1136,:content_type=>"image/jpeg",:data=>Paperclip::FileAdapter: 4312338698227223bcdef424617a129a20150811-20052-156rl0f,:key=>"avatars/6/thumb/avatar.jpg")  

  [1m[35m (1.1ms)[0m  COMMIT
Redirected to http://localhost:3000/villains/6
Completed 302 Found in 2146ms (ActiveRecord: 1.9ms)


Started GET "/villains/6" for ::1 at 2015-08-11 21:29:05 -0700
Processing by VillainsController#show as HTML
  Parameters: {"id"=>"6"}
  [1m[36mVillain Load (0.4ms)[0m  [1mSELECT  "villains".* FROM "villains" WHERE "villains"."id" = $1 LIMIT 1[0m  [["id", 6]]
  Rendered villains/_menu.html.erb (0.2ms)
  Rendered villains/show.html.erb within layouts/application (3.4ms)
Completed 200 OK in 50ms (Views: 48.8ms | ActiveRecord: 0.4ms)


Started GET "/" for ::1 at 2015-08-11 21:29:08 -0700
Processing by VillainsController#index as HTML
  Rendered villains/_menu.html.erb (0.2ms)
  [1m[35mVillain Load (0.5ms)[0m  SELECT "villains".* FROM "villains"
  Rendered villains/index.html.erb within layouts/application (5.4ms)
Completed 200 OK in 45ms (Views: 44.0ms | ActiveRecord: 0.5ms)
